[    0.000000] Initializing cgroup subsys cpuset
[    0.000000] Initializing cgroup subsys cpu
[    0.000000] Initializing cgroup subsys cpuacct
[    0.000000] Linux version 4.4.0-210-generic (buildd@lgw01-amd64-009) (gcc version 5.4.0 20160609 (Ubuntu 5.4.0-6ubuntu1~16.04.12) ) #242-Ubuntu SMP Fri Apr 16 09:57:56 UTC 2021 (Ubuntu 4.4.0-210.242-generic 4.4.262)
[    0.000000] Command line: BOOT_IMAGE=/boot/vmlinuz-4.4.0-210-generic root=LABEL=cloudimg-rootfs ro console=tty1 console=ttyS0
[    0.000000] KERNEL supported cpus:
[    0.000000]   Intel GenuineIntel
[    0.000000]   AMD AuthenticAMD
[    0.000000]   Centaur CentaurHauls
[    0.000000] x86/fpu: xstate_offset[2]:  576, xstate_sizes[2]:  256
[    0.000000] x86/fpu: Supporting XSAVE feature 0x01: 'x87 floating point registers'
[    0.000000] x86/fpu: Supporting XSAVE feature 0x02: 'SSE registers'
[    0.000000] x86/fpu: Supporting XSAVE feature 0x04: 'AVX registers'
[    0.000000] x86/fpu: Enabled xstate features 0x7, context size is 832 bytes, using 'standard' format.
[    0.000000] e820: BIOS-provided physical RAM map:
[    0.000000] BIOS-e820: [mem 0x0000000000000000-0x000000000009fbff] usable
[    0.000000] BIOS-e820: [mem 0x000000000009fc00-0x000000000009ffff] reserved
[    0.000000] BIOS-e820: [mem 0x00000000000f0000-0x00000000000fffff] reserved
[    0.000000] BIOS-e820: [mem 0x0000000000100000-0x000000003ffeffff] usable
[    0.000000] BIOS-e820: [mem 0x000000003fff0000-0x000000003fffffff] ACPI data
[    0.000000] BIOS-e820: [mem 0x00000000fec00000-0x00000000fec00fff] reserved
[    0.000000] BIOS-e820: [mem 0x00000000fee00000-0x00000000fee00fff] reserved
[    0.000000] BIOS-e820: [mem 0x00000000fffc0000-0x00000000ffffffff] reserved
[    0.000000] NX (Execute Disable) protection: active
[    0.000000] SMBIOS 2.5 present.
[    0.000000] Hypervisor detected: KVM
[    0.000000] e820: last_pfn = 0x3fff0 max_arch_pfn = 0x400000000
[    0.000000] MTRR: Disabled
[    0.000000] x86/PAT: MTRRs disabled, skipping PAT initialization too.
[    0.000000] CPU MTRRs all blank - virtualized system.
[    0.000000] x86/PAT: Configuration [0-7]: WB  WT  UC- UC  WB  WT  UC- UC  
[    0.000000] found SMP MP-table at [mem 0x0009fff0-0x0009ffff] mapped at [ffff88000009fff0]
[    0.000000] Scanning 1 areas for low memory corruption
[    0.000000] RAMDISK: [mem 0x362dc000-0x37165fff]
[    0.000000] ACPI: Early table checksum verification disabled
[    0.000000] ACPI: RSDP 0x00000000000E0000 000024 (v02 VBOX  )
[    0.000000] ACPI: XSDT 0x000000003FFF0030 00003C (v01 VBOX   VBOXXSDT 00000001 ASL  00000061)
[    0.000000] ACPI: FACP 0x000000003FFF00F0 0000F4 (v04 VBOX   VBOXFACP 00000001 ASL  00000061)
[    0.000000] ACPI: DSDT 0x000000003FFF0470 002325 (v02 VBOX   VBOXBIOS 00000002 INTL 20100528)
[    0.000000] ACPI: FACS 0x000000003FFF0200 000040
[    0.000000] ACPI: FACS 0x000000003FFF0200 000040
[    0.000000] ACPI: APIC 0x000000003FFF0240 00005C (v02 VBOX   VBOXAPIC 00000001 ASL  00000061)
[    0.000000] ACPI: SSDT 0x000000003FFF02A0 0001CC (v01 VBOX   VBOXCPUT 00000002 INTL 20100528)
[    0.000000] No NUMA configuration found
[    0.000000] Faking a node at [mem 0x0000000000000000-0x000000003ffeffff]
[    0.000000] NODE_DATA(0) allocated [mem 0x3ffeb000-0x3ffeffff]
[    0.000000] kvm-clock: Using msrs 4b564d01 and 4b564d00
[    0.000000] kvm-clock: cpu 0, msr 0:3ffe3001, primary cpu clock
[    0.000000] kvm-clock: using sched offset of 4230760868 cycles
[    0.000000] clocksource: kvm-clock: mask: 0xffffffffffffffff max_cycles: 0x1cd42e4dffb, max_idle_ns: 881590591483 ns
[    0.000000] Zone ranges:
[    0.000000]   DMA      [mem 0x0000000000001000-0x0000000000ffffff]
[    0.000000]   DMA32    [mem 0x0000000001000000-0x000000003ffeffff]
[    0.000000]   Normal   empty
[    0.000000]   Device   empty
[    0.000000] Movable zone start for each node
[    0.000000] Early memory node ranges
[    0.000000]   node   0: [mem 0x0000000000001000-0x000000000009efff]
[    0.000000]   node   0: [mem 0x0000000000100000-0x000000003ffeffff]
[    0.000000] Initmem setup node 0 [mem 0x0000000000001000-0x000000003ffeffff]
[    0.000000] ACPI: PM-Timer IO Port: 0x4008
[    0.000000] IOAPIC[0]: apic_id 2, version 32, address 0xfec00000, GSI 0-23
[    0.000000] ACPI: INT_SRC_OVR (bus 0 bus_irq 0 global_irq 2 dfl dfl)
[    0.000000] ACPI: INT_SRC_OVR (bus 0 bus_irq 9 global_irq 9 low level)
[    0.000000] Using ACPI (MADT) for SMP configuration information
[    0.000000] smpboot: Allowing 2 CPUs, 0 hotplug CPUs
[    0.000000] PM: Registered nosave memory: [mem 0x00000000-0x00000fff]
[    0.000000] PM: Registered nosave memory: [mem 0x0009f000-0x0009ffff]
[    0.000000] PM: Registered nosave memory: [mem 0x000a0000-0x000effff]
[    0.000000] PM: Registered nosave memory: [mem 0x000f0000-0x000fffff]
[    0.000000] e820: [mem 0x40000000-0xfebfffff] available for PCI devices
[    0.000000] Booting paravirtualized kernel on KVM
[    0.000000] clocksource: refined-jiffies: mask: 0xffffffff max_cycles: 0xffffffff, max_idle_ns: 7645519600211568 ns
[    0.000000] setup_percpu: NR_CPUS:512 nr_cpumask_bits:512 nr_cpu_ids:2 nr_node_ids:1
[    0.000000] PERCPU: Embedded 33 pages/cpu @ffff88003fc00000 s95192 r8192 d31784 u1048576
[    0.000000] Built 1 zonelists in Node order, mobility grouping on.  Total pages: 257912
[    0.000000] Policy zone: DMA32
[    0.000000] Kernel command line: BOOT_IMAGE=/boot/vmlinuz-4.4.0-210-generic root=LABEL=cloudimg-rootfs ro console=tty1 console=ttyS0
[    0.000000] PID hash table entries: 4096 (order: 3, 32768 bytes)
[    0.000000] Memory: 997792K/1048120K available (8644K kernel code, 1332K rwdata, 4044K rodata, 1492K init, 1164K bss, 50328K reserved, 0K cma-reserved)
[    0.000000] SLUB: HWalign=64, Order=0-3, MinObjects=0, CPUs=2, Nodes=1
[    0.000000] Kernel/User page tables isolation: enabled
[    0.000000] Hierarchical RCU implementation.
[    0.000000] 	Build-time adjustment of leaf fanout to 64.
[    0.000000] 	RCU restricting CPUs from NR_CPUS=512 to nr_cpu_ids=2.
[    0.000000] RCU: Adjusting geometry for rcu_fanout_leaf=64, nr_cpu_ids=2
[    0.000000] NR_IRQS:33024 nr_irqs:440 16
[    0.000000] Console: colour VGA+ 80x25
[    0.000000] console [tty1] enabled
[    0.000000] console [ttyS0] enabled
[    0.000000] tsc: Detected 3997.682 MHz processor
[    0.320472] Calibrating delay loop (skipped) preset value.. 7995.36 BogoMIPS (lpj=15990728)
[    0.323021] pid_max: default: 32768 minimum: 301
[    0.324418] ACPI: Core revision 20150930
[    0.328477] ACPI: 2 ACPI AML tables successfully acquired and loaded
[    0.330340] Security Framework initialized
[    0.331582] Yama: becoming mindful.
[    0.332759] AppArmor: AppArmor initialized
[    0.334153] Dentry cache hash table entries: 131072 (order: 8, 1048576 bytes)
[    0.364097] Inode-cache hash table entries: 65536 (order: 7, 524288 bytes)
[    0.366468] Mount-cache hash table entries: 2048 (order: 2, 16384 bytes)
[    0.368494] Mountpoint-cache hash table entries: 2048 (order: 2, 16384 bytes)
[    0.370806] Initializing cgroup subsys io
[    0.372078] Initializing cgroup subsys memory
[    0.373381] Initializing cgroup subsys devices
[    0.374697] Initializing cgroup subsys freezer
[    0.376045] Initializing cgroup subsys net_cls
[    0.377350] Initializing cgroup subsys perf_event
[    0.378725] Initializing cgroup subsys net_prio
[    0.380092] Initializing cgroup subsys hugetlb
[    0.381399] Initializing cgroup subsys pids
[    0.383423] mce: CPU supports 0 MCE banks
[    0.384738] Last level iTLB entries: 4KB 1024, 2MB 1024, 4MB 1024
[    0.386350] Last level dTLB entries: 4KB 1024, 2MB 1024, 4MB 1024, 1GB 4
[    0.388221] Spectre V1 : Mitigation: usercopy/swapgs barriers and __user pointer sanitization
[    0.390771] Spectre V2 : Mitigation: Full generic retpoline
[    0.392330] Spectre V2 : Spectre v2 / SpectreRSB mitigation: Filling RSB on context switch
[    0.394766] Speculative Store Bypass: Vulnerable
[    0.396180] SRBDS: Unknown: Dependent on hypervisor status
[    0.397785] MDS: Mitigation: Clear CPU buffers
[    0.403157] Freeing SMP alternatives memory: 36K
[    0.413210] ftrace: allocating 32380 entries in 127 pages
[    0.527825] smpboot: APIC(0) Converting physical 0 to logical package 0
[    0.529613] smpboot: Max logical packages: 1
[    0.531366] x2apic enabled
[    0.532875] Switched APIC routing to physical x2apic.
[    0.536441] ..TIMER: vector=0x30 apic1=0 pin1=2 apic2=-1 pin2=-1
[    0.646245] smpboot: CPU0: Intel(R) Core(TM) i7-4790K CPU @ 4.00GHz (family: 0x6, model: 0x3c, stepping: 0x3)
[    0.649250] Performance Events: unsupported p6 CPU model 60 no PMU driver, software events only.
[    0.663322] KVM setup paravirtual spinlock
[    0.665272] x86: Booting SMP configuration:
[    0.666562] .... node  #0, CPUs:      #1
[    0.667704] kvm-clock: cpu 1, msr 0:3ffe3041, secondary cpu clock
[    0.669384] mce: CPU supports 0 MCE banks
[    0.671992] x86: Booted up 1 node, 2 CPUs
[    0.673635] smpboot: Total of 2 processors activated (15990.72 BogoMIPS)
[    0.675872] devtmpfs: initialized
[    0.685520] evm: security.selinux
[    0.686668] evm: security.SMACK64
[    0.687816] evm: security.SMACK64EXEC
[    0.688997] evm: security.SMACK64TRANSMUTE
[    0.690250] evm: security.SMACK64MMAP
[    0.691412] evm: security.ima
[    0.692444] evm: security.capability
[    0.693705] clocksource: jiffies: mask: 0xffffffff max_cycles: 0xffffffff, max_idle_ns: 7645041785100000 ns
[    0.696456] futex hash table entries: 512 (order: 3, 32768 bytes)
[    0.698195] pinctrl core: initialized pinctrl subsystem
[    0.699787] RTC time:  8:38:34, date: 11/10/21
[    0.701309] NET: Registered protocol family 16
[    0.715284] cpuidle: using governor ladder
[    0.727973] cpuidle: using governor menu
[    0.729197] PCCT header not found.
[    0.730450] ACPI: bus type PCI registered
[    0.731687] acpiphp: ACPI Hot Plug PCI Controller Driver version: 0.5
[    0.733516] PCI: Using configuration type 1 for base access
[    0.747830] ACPI: Added _OSI(Module Device)
[    0.749103] ACPI: Added _OSI(Processor Device)
[    0.750438] ACPI: Added _OSI(3.0 _SCP Extensions)
[    0.751813] ACPI: Added _OSI(Processor Aggregator Device)
[    0.754514] ACPI: Executed 1 blocks of module-level executable AML code
[    0.760561] ACPI: Interpreter enabled
[    0.761754] ACPI: (supports S0 S5)
[    0.762892] ACPI: Using IOAPIC for interrupt routing
[    0.764589] PCI: Using host bridge windows from ACPI; if necessary, use "pci=nocrs" and report a bug
[    0.774013] ACPI: PCI Root Bridge [PCI0] (domain 0000 [bus 00-ff])
[    0.775653] acpi PNP0A03:00: _OSC: OS supports [ASPM ClockPM Segments MSI]
[    0.778081] acpi PNP0A03:00: _OSC: not requesting OS control; OS requires [ExtendedConfig ASPM ClockPM MSI]
[    0.780837] acpi PNP0A03:00: fail to add MMCONFIG information, can't access extended PCI configuration space under this bridge.
[    0.784365] PCI host bridge to bus 0000:00
[    0.785639] pci_bus 0000:00: root bus resource [io  0x0000-0x0cf7 window]
[    0.787407] pci_bus 0000:00: root bus resource [io  0x0d00-0xffff window]
[    0.789175] pci_bus 0000:00: root bus resource [mem 0x000a0000-0x000bffff window]
[    0.791521] pci_bus 0000:00: root bus resource [mem 0x40000000-0xfdffffff window]
[    0.793834] pci_bus 0000:00: root bus resource [bus 00-ff]
[    0.797556] pci 0000:00:01.1: legacy IDE quirk: reg 0x10: [io  0x01f0-0x01f7]
[    0.799376] pci 0000:00:01.1: legacy IDE quirk: reg 0x14: [io  0x03f6]
[    0.801091] pci 0000:00:01.1: legacy IDE quirk: reg 0x18: [io  0x0170-0x0177]
[    0.822802] pci 0000:00:01.1: legacy IDE quirk: reg 0x1c: [io  0x0376]
[    0.834135] pci 0000:00:07.0: quirk: [io  0x4000-0x403f] claimed by PIIX4 ACPI
[    0.836534] pci 0000:00:07.0: quirk: [io  0x4100-0x410f] claimed by PIIX4 SMB
[    0.845566] ACPI: PCI Interrupt Link [LNKA] (IRQs 5 9 10 *11)
[    0.848031] ACPI: PCI Interrupt Link [LNKB] (IRQs 5 9 *10 11)
[    0.850219] ACPI: PCI Interrupt Link [LNKC] (IRQs 5 *9 10 11)
[    0.852409] ACPI: PCI Interrupt Link [LNKD] (IRQs 5 9 10 *11)
[    0.854645] ACPI: Enabled 2 GPEs in block 00 to 07
[    0.856360] vgaarb: setting as boot device: PCI:0000:00:02.0
[    0.857922] vgaarb: device added: PCI:0000:00:02.0,decodes=io+mem,owns=io+mem,locks=none
[    0.860355] vgaarb: loaded
[    0.861340] vgaarb: bridge control possible 0000:00:02.0
[    0.863204] SCSI subsystem initialized
[    0.864479] ACPI: bus type USB registered
[    0.865773] usbcore: registered new interface driver usbfs
[    0.867388] usbcore: registered new interface driver hub
[    0.868932] usbcore: registered new device driver usb
[    0.900550] PCI: Using ACPI for IRQ routing
[    0.902273] NetLabel: Initializing
[    0.903388] NetLabel:  domain hash size = 128
[    0.904735] NetLabel:  protocols = UNLABELED CIPSOv4
[    0.906181] NetLabel:  unlabeled traffic allowed by default
[    0.907798] amd_nb: Cannot enumerate AMD northbridges
[    0.909271] clocksource: Switched to clocksource kvm-clock
[    1.001369] AppArmor: AppArmor Filesystem Enabled
[    1.002838] pnp: PnP ACPI init
[    1.005273] pnp: PnP ACPI: found 3 devices
[    1.013769] clocksource: acpi_pm: mask: 0xffffff max_cycles: 0xffffff, max_idle_ns: 2085701024 ns
[    1.016382] NET: Registered protocol family 2
[    1.017883] TCP established hash table entries: 8192 (order: 4, 65536 bytes)
[    1.019718] TCP bind hash table entries: 8192 (order: 5, 131072 bytes)
[    1.021466] TCP: Hash tables configured (established 8192 bind 8192)
[    1.023205] UDP hash table entries: 512 (order: 2, 16384 bytes)
[    1.024811] UDP-Lite hash table entries: 512 (order: 2, 16384 bytes)
[    1.026555] NET: Registered protocol family 1
[    1.027872] pci 0000:00:00.0: Limiting direct PCI/PCI transfers
[    1.029498] pci 0000:00:01.0: Activating ISA DMA hang workarounds
[    1.031308] Unpacking initramfs...
[    2.148600] Freeing initrd memory: 14888K
[    2.150001] RAPL PMU detected, API unit is 2^-32 Joules, 4 fixed counters 10737418240 ms ovfl timer
[    2.152614] hw unit of domain pp0-core 2^-0 Joules
[    2.154049] hw unit of domain package 2^-0 Joules
[    2.155426] hw unit of domain dram 2^-0 Joules
[    2.156761] hw unit of domain pp1-gpu 2^-0 Joules
[    2.158181] clocksource: tsc: mask: 0xffffffffffffffff max_cycles: 0x733f9e9e4e4, max_idle_ns: 881590812519 ns
[    2.161005] platform rtc_cmos: registered platform RTC device (no PNP device found)
[    2.163466] Scanning for low memory corruption every 60 seconds
[    2.165472] audit: initializing netlink subsys (disabled)
[    2.166986] audit: type=2000 audit(1636533521.668:1): initialized
[    2.169001] Initialise system trusted keyring
[    2.170462] HugeTLB registered 2 MB page size, pre-allocated 0 pages
[    2.174569] zbud: loaded
[    2.175771] VFS: Disk quotas dquot_6.6.0
[    2.177041] VFS: Dquot-cache hash table entries: 512 (order 0, 4096 bytes)
[    2.179256] squashfs: version 4.0 (2009/01/31) Phillip Lougher
[    2.181180] fuse init (API version 7.23)
[    2.182614] Key type big_key registered
[    2.183851] Allocating IMA MOK and blacklist keyrings.
[    2.185820] Key type asymmetric registered
[    2.187093] Asymmetric key parser 'x509' registered
[    2.188543] Block layer SCSI generic (bsg) driver version 0.4 loaded (major 249)
[    2.190904] io scheduler noop registered
[    2.192127] io scheduler deadline registered (default)
[    2.193626] io scheduler cfq registered
[    2.194997] pci_hotplug: PCI Hot Plug PCI Core version: 0.5
[    2.196602] pciehp: PCI Express Hot Plug Controller Driver version: 0.4
[    2.198522] ACPI: AC Adapter [AC] (on-line)
[    2.199884] input: Power Button as /devices/LNXSYSTM:00/LNXPWRBN:00/input/input0
[    2.202195] ACPI: Power Button [PWRF]
[    2.203503] input: Sleep Button as /devices/LNXSYSTM:00/LNXSLPBN:00/input/input1
[    2.205880] ACPI: Sleep Button [SLPF]
[    2.207280] GHES: HEST is not enabled!
[    2.208579] Serial: 8250/16550 driver, 32 ports, IRQ sharing enabled
[    2.231233] 00:02: ttyS0 at I/O 0x3f8 (irq = 4, base_baud = 115200) is a 16550A
[    2.235305] Linux agpgart interface v0.103
[    2.238093] loop: module loaded
[    2.239940] scsi host0: ata_piix
[    2.241150] scsi host1: ata_piix
[    2.242321] ata1: PATA max UDMA/33 cmd 0x1f0 ctl 0x3f6 bmdma 0xd000 irq 14
[    2.244106] ata2: PATA max UDMA/33 cmd 0x170 ctl 0x376 bmdma 0xd008 irq 15
[    2.246360] libphy: Fixed MDIO Bus: probed
[    2.247622] tun: Universal TUN/TAP device driver, 1.6
[    2.249059] tun: (C) 1999-2004 Max Krasnyansky <maxk@qualcomm.com>
[    2.250877] PPP generic driver version 2.4.2
[    2.252260] ehci_hcd: USB 2.0 'Enhanced' Host Controller (EHCI) Driver
[    2.253994] ehci-pci: EHCI PCI platform driver
[    2.255450] ehci-platform: EHCI generic platform driver
[    2.261898] ohci_hcd: USB 1.1 'Open' Host Controller (OHCI) Driver
[    2.263559] ohci-pci: OHCI PCI platform driver
[    2.264897] ohci-platform: OHCI generic platform driver
[    2.266437] uhci_hcd: USB Universal Host Controller Interface driver
[    2.268196] i8042: PNP: PS/2 Controller [PNP0303:PS2K,PNP0f03:PS2M] at 0x60,0x64 irq 1,12
[    2.271189] serio: i8042 KBD port at 0x60,0x64 irq 1
[    2.272618] serio: i8042 AUX port at 0x60,0x64 irq 12
[    2.274235] mousedev: PS/2 mouse device common for all mice
[    2.276309] input: AT Translated Set 2 keyboard as /devices/platform/i8042/serio0/input/input2
[    2.279039] rtc_cmos rtc_cmos: rtc core: registered rtc_cmos as rtc0
[    2.280790] rtc_cmos rtc_cmos: alarms up to one day, 114 bytes nvram
[    2.282505] i2c /dev entries driver
[    2.283702] device-mapper: uevent: version 1.0.3
[    2.285136] device-mapper: ioctl: 4.34.0-ioctl (2015-10-28) initialised: dm-devel@redhat.com
[    2.287695] ledtrig-cpu: registered to indicate activity on CPUs
[    2.289827] NET: Registered protocol family 10
[    2.291305] NET: Registered protocol family 17
[    2.292628] Key type dns_resolver registered
[    2.294226] registered taskstats version 1
[    2.295515] Loading compiled-in X.509 certificates
[    2.297618] Loaded X.509 cert 'Build time autogenerated kernel key: cf00e047681d67edb2720680708b7d9498083038'
[    2.300377] zswap: loaded using pool lzo/zbud
[    2.303475] Key type trusted registered
[    2.307425] Key type encrypted registered
[    2.308665] AppArmor: AppArmor sha1 policy hashing enabled
[    2.310214] ima: No TPM chip found, activating TPM-bypass!
[    2.311722] ima: Allocated hash algorithm: sha1
[    2.313082] evm: HMAC attrs: 0x1
[    2.314523]   Magic number: 13:210:624
[    2.315786] rtc_cmos rtc_cmos: setting system clock to 2021-11-10 08:38:36 UTC (1636533516)
[    2.318328] BIOS EDD facility v0.16 2004-Jun-25, 0 devices found
[    2.319936] EDD information not available.
[    2.428744] Freeing unused kernel memory: 1492K
[    2.430145] Write protecting the kernel read-only data: 14336k
[    2.432307] Freeing unused kernel memory: 1584K
[    2.433850] Freeing unused kernel memory: 52K
Loading, please wait...
starting version 229
[    2.447142] random: systemd-udevd: uninitialized urandom read (16 bytes read, 2 bits of entropy available)
[    2.447954] random: udevadm: uninitialized urandom read (16 bytes read, 2 bits of entropy available)
[    2.447973] random: udevadm: uninitialized urandom read (16 bytes read, 2 bits of entropy available)
[    2.455309] random: systemd-udevd: uninitialized urandom read (16 bytes read, 2 bits of entropy available)
[    2.458096] random: systemd-udevd: uninitialized urandom read (16 bytes read, 2 bits of entropy available)
[    2.460528] random: udevadm: uninitialized urandom read (16 bytes read, 2 bits of entropy available)
[    2.460583] random: udevadm: uninitialized urandom read (16 bytes read, 2 bits of entropy available)
[    2.460914] random: udevadm: uninitialized urandom read (16 bytes read, 2 bits of entropy available)
[    2.460993] random: udevadm: uninitialized urandom read (16 bytes read, 2 bits of entropy available)
[    2.461079] random: udevadm: uninitialized urandom read (16 bytes read, 2 bits of entropy available)
[    2.523273] e1000: Intel(R) PRO/1000 Network Driver - version 7.3.21-k8-NAPI
[    2.525159] e1000: Copyright (c) 1999-2006 Intel Corporation.
[    2.541633] Fusion MPT base driver 3.04.20
[    2.542932] Copyright (c) 1999-2008 LSI Corporation
[    2.560915] Fusion MPT SPI Host driver 3.04.20
[    2.564946] AVX2 version of gcm_enc/dec engaged.
[    2.566393] AES CTR mode by8 optimization enabled
[    2.776284] input: ImExPS/2 Generic Explorer Mouse as /devices/platform/i8042/serio1/input/input4
[    3.159261] e1000 0000:00:03.0 eth0: (PCI:33MHz:32-bit) 02:be:82:6b:cc:1d
[    3.161052] e1000 0000:00:03.0 eth0: Intel(R) PRO/1000 Network Connection
[    3.163796] mptbase: ioc0: Initiating bringup
[    4.277581] ioc0: LSI53C1030 A0: Capabilities={Initiator}
[    6.190657] scsi host2: ioc0: LSI53C1030 A0, FwRev=00000000h, Ports=1, MaxQ=256, IRQ=20
[    8.096534] scsi 2:0:0:0: Direct-Access     VBOX     HARDDISK         1.0  PQ: 0 ANSI: 5
[    8.099005] scsi target2:0:0: Beginning Domain Validation
[    8.102708] scsi target2:0:0: Domain Validation skipping write tests
[    8.104412] scsi target2:0:0: Ending Domain Validation
[    8.106003] scsi target2:0:0: asynchronous
[    8.107578] scsi 2:0:1:0: Direct-Access     VBOX     HARDDISK         1.0  PQ: 0 ANSI: 5
[    8.129738] scsi target2:0:1: Beginning Domain Validation
[    8.131825] scsi target2:0:1: Domain Validation skipping write tests
[    8.133535] scsi target2:0:1: Ending Domain Validation
[    8.135022] scsi target2:0:1: asynchronous
[    8.139900] sd 2:0:0:0: Attached scsi generic sg0 type 0
[    8.141474] sd 2:0:0:0: [sda] 83886080 512-byte logical blocks: (42.9 GB/40.0 GiB)
[    8.144108] sd 2:0:0:0: [sda] Write Protect is off
[    8.145692] sd 2:0:0:0: [sda] Incomplete mode parameter data
[    8.147294] sd 2:0:0:0: [sda] Assuming drive cache: write through
[    8.150811]  sda: sda1
[    8.151556] sd 2:0:1:0: [sdb] 20480 512-byte logical blocks: (10.5 MB/10.0 MiB)
[    8.151730] sd 2:0:1:0: [sdb] Write Protect is off
[    8.151836] sd 2:0:1:0: [sdb] Incomplete mode parameter data
[    8.151838] sd 2:0:1:0: [sdb] Assuming drive cache: write through
[    8.160078] sd 2:0:0:0: [sda] Attached SCSI disk
[    8.162053] sd 2:0:1:0: Attached scsi generic sg1 type 0
[    8.174021] sd 2:0:1:0: [sdb] Attached SCSI disk
[    8.717134] e1000 0000:00:08.0 eth1: (PCI:33MHz:32-bit) 08:00:27:87:8c:06
[    8.718938] e1000 0000:00:08.0 eth1: Intel(R) PRO/1000 Network Connection
[    8.721712] e1000 0000:00:03.0 enp0s3: renamed from eth0
[    8.733832] e1000 0000:00:08.0 enp0s8: renamed from eth1
Begin: Loading essential drivers ... [   10.381632] md: linear personality registered for level -1
[   10.385563] md: multipath personality registered for level -4
[   10.389514] md: raid0 personality registered for level 0
[   10.394522] md: raid1 personality registered for level 1
[   10.465304] raid6: sse2x1   gen()  3666 MB/s
[   10.533316] raid6: sse2x1   xor()  2371 MB/s
[   10.601351] raid6: sse2x2   gen()  6246 MB/s
[   10.669304] raid6: sse2x2   xor()  4199 MB/s
[   10.737323] raid6: sse2x4   gen()  9598 MB/s
[   10.805331] raid6: sse2x4   xor()  5538 MB/s
[   10.873298] raid6: avx2x1   gen()  7479 MB/s
[   10.941314] raid6: avx2x2   gen() 14511 MB/s
[   11.009350] raid6: avx2x4   gen() 19048 MB/s
[   11.010637] raid6: using algorithm avx2x4 gen() 19048 MB/s
[   11.012138] raid6: using avx2x2 recovery algorithm
[   11.014630] xor: automatically using best checksumming function:
[   11.053292]    avx       : 22593.000 MB/sec
[   11.056141] async_tx: api initialized (async)
[   11.067874] md: raid6 personality registered for level 6
[   11.069371] md: raid5 personality registered for level 5
[   11.070923] md: raid4 personality registered for level 4
[   11.078744] md: raid10 personality registered for level 10
done.
Begin: Running /scripts/init-premount ... done.
Begin: Mounting root file system ... Begin: Running /scripts/local-top ... done.
Begin: Running /scripts/local-premount ... [   11.114810] Btrfs loaded
Scanning for Btrfs filesystems
done.
Warning: fsck not present, so skipping root file system
[   11.145151] EXT4-fs (sda1): INFO: recovery required on readonly filesystem
[   11.146988] EXT4-fs (sda1): write access will be enabled during recovery
[   11.336545] EXT4-fs (sda1): recovery complete
[   11.337963] EXT4-fs (sda1): mounted filesystem with ordered data mode. Opts: (null)
done.
Begin: Running /scripts/local-bottom ... done.
Begin: Running /scripts/init-bottom ... done.
[   11.558650] systemd[1]: systemd 229 running in system mode. (+PAM +AUDIT +SELINUX +IMA +APPARMOR +SMACK +SYSVINIT +UTMP +LIBCRYPTSETUP +GCRYPT +GNUTLS +ACL +XZ -LZ4 +SECCOMP +BLKID +ELFUTILS +KMOD -IDN)
[   11.563513] systemd[1]: Detected virtualization oracle.
[   11.565005] systemd[1]: Detected architecture x86-64.

Welcome to [1mUbuntu 16.04.7 LTS[0m!

[   11.568954] systemd[1]: Set hostname to <ubuntu-xenial>.
[   11.812585] systemd[1]: Listening on Device-mapper event daemon FIFOs.
[[0;32m  OK  [0m] Listening on Device-mapper event daemon FIFOs.
[   11.815970] systemd[1]: Created slice User and Session Slice.
[[0;32m  OK  [0m] Created slice User and Session Slice.
[   11.818556] systemd[1]: Listening on LVM2 metadata daemon socket.
[[0;32m  OK  [0m] Listening on LVM2 metadata daemon socket.
[   11.821251] systemd[1]: Listening on LVM2 poll daemon socket.
[[0;32m  OK  [0m] Listening on LVM2 poll daemon socket.
[   11.823863] systemd[1]: Started Forward Password Requests to Wall Directory Watch.
[[0;32m  OK  [0m] Started Forward Password Requests to Wall Directory Watch.
[   11.827451] systemd[1]: Listening on Journal Audit Socket.
[[0;32m  OK  [0m] Listening on Journal Audit Socket.
[   11.829921] systemd[1]: Listening on udev Control Socket.
[[0;32m  OK  [0m] Listening on udev Control Socket.
[   11.832372] systemd[1]: Reached target User and Group Name Lookups.
[[0;32m  OK  [0m] Reached target User and Group Name Lookups.
[   11.835098] systemd[1]: Reached target System Time Synchronized.
[[0;32m  OK  [0m] Reached target System Time Synchronized.
[   11.837782] systemd[1]: Listening on Journal Socket.
[[0;32m  OK  [0m] Listening on Journal Socket.
[   11.840131] systemd[1]: Reached target Encrypted Volumes.
[[0;32m  OK  [0m] Reached target Encrypted Volumes.
[   11.842591] systemd[1]: Started Trigger resolvconf update for networkd DNS.
[[0;32m  OK  [0m] Started Trigger resolvconf update for networkd DNS.
[   11.845521] systemd[1]: Listening on Journal Socket (/dev/log).
[[0;32m  OK  [0m] Listening on Journal Socket (/dev/log).
[   11.848108] systemd[1]: Reached target Swap.
[[0;32m  OK  [0m] Reached target Swap.
[   11.850213] systemd[1]: Listening on fsck to fsckd communication Socket.
[[0;32m  OK  [0m] Listening on fsck to fsckd communication Socket.
[   11.853165] systemd[1]: Set up automount Arbitrary Executable File Formats File System Automount Point.
[[0;32m  OK  [0m] Set up automount Arbitrary Executab...ats File System Automount Point.
[   11.857211] systemd[1]: Listening on udev Kernel Socket.
[[0;32m  OK  [0m] Listening on udev Kernel Socket.
[   11.859971] systemd[1]: Created slice System Slice.
[[0;32m  OK  [0m] Created slice System Slice.
[   11.877996] systemd[1]: Starting Nameserver information manager...
         Starting Nameserver information manager...
[   11.934305] systemd[1]: Starting Set console keymap...
         Starting Set console keymap...
[   11.937681] systemd[1]: Starting Monitoring of LVM2 mirrors, snapshots etc. using dmeventd or progress polling...
         Starting Monitoring of LVM2 mirrors... dmeventd or progress polling...
[   11.944174] systemd[1]: Starting Load Kernel Modules...
         Starting Load Kernel Modules...
[   11.999802] systemd[1]: Starting Create list of required static device nodes for the current kernel...
         Starting Create list of required st... nodes for the current kernel...
[   12.004906] systemd[1]: Mounting POSIX Message Queue File System...
         Mounting POSIX Message Queue File System...
[   12.009287] systemd[1]: Mounting Debug File System...
         Mounting Debug File System...
[   12.066955] systemd[1]: Starting File System Check on Root Device...
         Starting File System Check on Root Device...
[   12.073572] systemd[1]: Mounting Huge Pages File System...
         Mounting Huge Pages File System...
[   12.076958] systemd[1]: Starting Uncomplicated firewall...
         Starting Uncomplicated firewall...
[   12.138566] systemd[1]: Listening on Syslog Socket.
[[0;32m  OK  [0m] Listening on Syslog Socket.
[   12.141746] systemd[1]: Starting Journal Service...
         Starting Journal Service...
[   12.144526] systemd[1]: Created slice system-serial\x2dgetty.slice.
[[0;32m  OK  [0m] Created slice system-serial\x2dgetty.slice.
[   12.147408] systemd[1]: Reached target Slices.
[[0;32m  OK  [0m] Reached target Slices.
[   12.149940] Loading iSCSI transport class v2.0-870.
[   12.151760] systemd[1]: Listening on /dev/initctl Compatibility Named Pipe.
[   12.205769] random: nonblocking pool is initialized
[[0;32m  OK  [0m] Listening on /dev/initctl Compatibility Named Pipe.
[   12.210525] systemd[1]: Mounted Huge Pages File System.
[[0;32m  OK  [0m] Mounted Huge Pages File System.
[   12.212974] systemd[1]: Mounted POSIX Message Queue File System.
[[0;32m  OK  [0m] Mounted POSIX Message Queue File System.
[   12.215604] systemd[1]: Mounted Debug File System.
[[0;32m  OK  [0m] Mounted Debug File System.
[   12.222597] systemd[1]: Started Create list of required static device nodes for the current kernel.
[[0;32m  OK  [0m] Started Create list of required sta...ce nodes for the current kernel.
[   12.228124] systemd[1]: Started Uncomplicated firewall.
[[0;32m  OK  [0m] Started Uncomplicated firewall.
[   12.233337] systemd[1]: Started File System Check on Root Device.
[[0;32m  OK  [0m] Started File System Check on Root Device.
[   12.236899] systemd[1]: Started Nameserver information manager.
[[0;32m  OK  [0m] Started Nameserver information manager.
[   12.246073] systemd[1]: Started File System Check Daemon to report status.
[[0;32m  OK  [0m] Started File System Check Daemon to report status.
[   12.251776] systemd[1]: Started LVM2 metadata daemon.
[[0;32m  OK  [0m] Started LVM2 metadata daemon.
[   12.255423] systemd[1]: Starting Remount Root and Kernel File Systems...
         Starting Remount Root and Kernel File Systems...
[   12.263463] systemd[1]: Starting Create Static Device Nodes in /dev...
         Starting Create Static Device Nodes in /dev...
[   12.270958] EXT4-fs (sda1): re-mounted. Opts: (null)
[   12.327371] systemd[1]: Started Remount Root and Kernel File Systems.
[[0;32m  OK  [0m] Started Remount Root and Kernel File Systems.
[   12.331575] iscsi: registered transport (tcp)
[   12.345685] systemd[1]: Starting udev Coldplug all Devices...
         Starting udev Coldplug all Devices...
[   12.349802] systemd[1]: Starting Load/Save Random Seed...
         Starting Load/Save Random Seed...
[   12.353585] systemd[1]: Started Journal Service.
[[0;32m  OK  [0m] Started Journal Service.
[[0;32m  OK  [0m] Started Create Static Device Nodes in /dev.
[[0;32m  OK  [0m] Started Load/Save Random Seed.
         Starting udev Kernel Device Manager...
         Starting Flush Journal to Persistent Storage...
[   12.487148] systemd-journald[415]: Received request to flush runtime journal from PID 1
[[0;32m  OK  [0m] Started Flush Journal to Persistent Storage.
[[0;32m  OK  [0m] Started udev Kernel Device Manager.
[   12.607744] iscsi: registered transport (iser)
[[0;32m  OK  [0m] Started Set console keymap.
[[0;32m  OK  [0m] Started Monitoring of LVM2 mirrors,...ng dmeventd or progress polling.
[[0;32m  OK  [0m] Started Load Kernel Modules.
         Mounting FUSE Control File System...
         Starting Apply Kernel Variables...
[[0;32m  OK  [0m] Reached target Local File Systems (Pre).
[[0;32m  OK  [0m] Reached target Local File Systems.
         Starting Create Volatile Files and Directories...
         Starting Set console font and keymap...
         Starting Tell Plymouth To Write Out Runtime Data...
         Starting Initial cloud-init job (pre-networking)...
         Starting LSB: AppArmor initialization...
[[0;32m  OK  [0m] Mounted FUSE Control File System.
[[0;32m  OK  [0m] Started Apply Kernel Variables.
[[0;32m  OK  [0m] Started Tell Plymouth To Write Out Runtime Data.
[[0;32m  OK  [0m] Started Create Volatile Files and Directories.
         Starting Update UTMP about System Boot/Shutdown...
[[0;32m  OK  [0m] Started Update UTMP about System Boot/Shutdown.
[[0;32m  OK  [0m] Started udev Coldplug all Devices.
[[0;32m  OK  [0m] Started LSB: AppArmor initialization.
         Starting Load AppArmor profiles managed internally by snapd...
[[0;32m  OK  [0m] Started Dispatch Password Requests to Console Directory Watch.
[[0;32m  OK  [0m] Started Load AppArmor profiles managed internally by snapd.
[[0;32m  OK  [0m] Found device /dev/ttyS0.
[[0;32m  OK  [0m] Found device 82540EM Gigabit Ethern...r (PRO/1000 MT Desktop Adapter).
[[0;32m  OK  [0m] Listening on Load/Save RF Kill Switch Status /dev/rfkill Watch.
[[0;32m  OK  [0m] Found device 82540EM Gigabit Ethern...r (PRO/1000 MT Desktop Adapter).
[   16.127349] cloud-init[515]: Cloud-init v. 21.1-19-gbad84ad4-0ubuntu1~16.04.2 running 'init-local' at Wed, 10 Nov 2021 08:38:50 +0000. Up 15.71 seconds.
[[0;32m  OK  [0m] Started Initial cloud-init job (pre-networking).
[[0;32m  OK  [0m] Reached target Network (Pre).
[[0;32m  OK  [0m] Started ifup for enp0s8.
[[0;32m  OK  [0m] Started ifup for enp0s3.
         Starting Raise network interfaces...
[[0;32m  OK  [0m] Started Set console font and keymap.
[[0;32m  OK  [0m] Created slice system-getty.slice.
[[0;32m  OK  [0m] Started Raise network interfaces.
[[0;32m  OK  [0m] Reached target Network.
         Starting Initial cloud-init job (metadata service crawler)...
[   17.744533] cloud-init[1103]: Cloud-init v. 21.1-19-gbad84ad4-0ubuntu1~16.04.2 running 'init' at Wed, 10 Nov 2021 08:38:52 +0000. Up 17.38 seconds.
[   17.746665] cloud-init[1103]: ci-info: ++++++++++++++++++++++++++++++++++++++Net device info+++++++++++++++++++++++++++++++++++++++
[   17.748588] cloud-init[1103]: ci-info: +--------+------+-----------------------------+---------------+--------+-------------------+
[   17.750499] cloud-init[1103]: ci-info: | Device |  Up  |           Address           |      Mask     | Scope  |     Hw-Address    |
[   17.756415] cloud-init[1103]: ci-info: +--------+------+-----------------------------+---------------+--------+-------------------+
[   17.758413] cloud-init[1103]: ci-info: | enp0s3 | True |          10.0.2.15          | 255.255.255.0 | global | 02:be:82:6b:cc:1d |
[   17.760404] cloud-init[1103]: ci-info: | enp0s3 | True |  fe80::be:82ff:fe6b:cc1d/64 |       .       |  link  | 02:be:82:6b:cc:1d |
[   17.762316] cloud-init[1103]: ci-info: | enp0s8 | True |        192.168.10.150       | 255.255.255.0 | global | 08:00:27:87:8c:06 |
[   17.764255] cloud-init[1103]: ci-info: | enp0s8 | True | fe80::a00:27ff:fe87:8c06/64 |       .       |  link  | 08:00:27:87:8c:06 |
[   17.766167] cloud-init[1103]: ci-info: |   lo   | True |          127.0.0.1          |   255.0.0.0   |  host  |         .         |
[   17.768480] cloud-init[1103]: ci-info: |   lo   | True |           ::1/128           |       .       |  host  |         .         |
[   17.771176] cloud-init[1103]: ci-info: +--------+------+-----------------------------+---------------+--------+-------------------+
[   17.773970] cloud-init[1103]: ci-info: ++++++++++++++++++++++++++++Route IPv4 info++++++++++++++++++++++++++++
[   17.776476] cloud-init[1103]: ci-info: +-------+--------------+----------+---------------+-----------+-------+
[   17.778523] cloud-init[1103]: ci-info: | Route | Destination  | Gateway  |    Genmask    | Interface | Flags |
[   17.780803] cloud-init[1103]: ci-info: +-------+--------------+----------+---------------+-----------+-------+
[   17.782862] cloud-init[1103]: ci-info: |   0   |   0.0.0.0    | 10.0.2.2 |    0.0.0.0    |   enp0s3  |   UG  |
[   17.785274] cloud-init[1103]: ci-info: |   1   |   10.0.2.0   | 0.0.0.0  | 255.255.255.0 |   enp0s3  |   U   |
[   17.787299] cloud-init[1103]: ci-info: |   2   | 192.168.10.0 | 0.0.0.0  | 255.255.255.0 |   enp0s8  |   U   |
[   17.789087] cloud-init[1103]: ci-info: +-------+--------------+----------+---------------+-----------+-------+
[   17.790971] cloud-init[1103]: ci-info: +++++++++++++++++++Route IPv6 info+++++++++++++++++++
[   17.792694] cloud-init[1103]: ci-info: +-------+-------------+---------+-----------+-------+
[   17.794562] cloud-init[1103]: ci-info: | Route | Destination | Gateway | Interface | Flags |
[   17.796471] cloud-init[1103]: ci-info: +-------+-------------+---------+-----------+-------+
[   17.798212] cloud-init[1103]: ci-info: |   0   |  fe80::/64  |    ::   |   enp0s8  |   U   |
[   17.800248] cloud-init[1103]: ci-info: |   1   |  fe80::/64  |    ::   |   enp0s3  |   U   |
[   17.802504] cloud-init[1103]: ci-info: |   4   |   ff00::/8  |    ::   |   enp0s8  |   U   |
[   17.804649] cloud-init[1103]: ci-info: |   5   |   ff00::/8  |    ::   |   enp0s3  |   U   |
[   17.812561] cloud-init[1103]: ci-info: +-------+-------------+---------+-----------+-------+
[[0;32m  OK  [0m] Started Initial cloud-init job (metadata service crawler).
[[0;32m  OK  [0m] Reached target System Initialization.
         Starting Socket activation for snappy daemon.
[[0;32m  OK  [0m] Listening on UUID daemon activation socket.
[[0;32m  OK  [0m] Started Trigger to poll for Ubuntu ...nly enabled on GCP LTS non-pro).
[[0;32m  OK  [0m] Started Ubuntu Advantage Timer for running repeated jobs.
[[0;32m  OK  [0m] Listening on ACPID Listen Socket.
[[0;32m  OK  [0m] Started Daily Cleanup of Temporary Directories.
[[0;32m  OK  [0m] Started Message of the Day.
[[0;32m  OK  [0m] Started ACPI Events Check.
[[0;32m  OK  [0m] Reached target Paths.
         Starting LXD - unix socket.
[[0;32m  OK  [0m] Started Daily apt download activities.
[[0;32m  OK  [0m] Started Daily apt upgrade and clean activities.
[[0;32m  OK  [0m] Reached target Timers.
[[0;32m  OK  [0m] Listening on D-Bus System Message Bus Socket.
[[0;32m  OK  [0m] Reached target Cloud-config availability.
[[0;32m  OK  [0m] Reached target Network is Online.
         Starting iSCSI initiator daemon (iscsid)...
[[0;32m  OK  [0m] Listening on Socket activation for snappy daemon.
[[0;32m  OK  [0m] Listening on LXD - unix socket.
[[0;32m  OK  [0m] Reached target Sockets.
[[0;32m  OK  [0m] Reached target Basic System.
         Starting LXD - container startup/shutdown...
[[0;32m  OK  [0m] Started FUSE filesystem for LXC.
[[0;32m  OK  [0m] Started D-Bus System Message Bus.
[[0;32m  OK  [0m] Started High-performance, schema-free document-oriented database.
[[0;32m  OK  [0m] Started Deferred execution scheduler.
         Starting LSB: MD monitoring daemon...
         Starting OpenBSD Secure Shell server...
         Starting Daily apt upgrade and clean activities...
[[0;32m  OK  [0m] Started ACPI event daemon.
         Starting LSB: Record successful boot for GRUB...
         Starting Login Service...
         Starting Accounts Service...
         Starting Virtualbox guest utils...
[[0;32m  OK  [0m] Started Regular background program processing daemon.
         Starting /etc/rc.local Compatibility...
         Starting System Logging Service...
         Starting Snap Daemon...
[[0;32m  OK  [0m] Started iSCSI initiator daemon (iscsid).
         Starting Login to default iSCSI targets...
[[0;32m  OK  [0m] Started /etc/rc.local Compatibility.
[[0;32m  OK  [0m] Started Login Service.
[[0;32m  OK  [0m] Started Unattended Upgrades Shutdown.
[[0;32m  OK  [0m] Started System Logging Service.
[[0;32m  OK  [0m] Started Login to default iSCSI targets.
[[0;32m  OK  [0m] Reached target Remote File Systems (Pre).
         Mounting /vagrant...
[[0;1;31mFAILED[0m] Failed to mount /vagrant.
See 'systemctl status vagrant.mount' for details.
[[0;1;33mDEPEND[0m] Dependency failed for Remote File Systems.
         Starting Permit User Sessions...
         Starting LSB: Set the CPU Frequency Scaling governor to "ondemand"...
         Starting LSB: automatic crash report generation...
         Starting LSB: daemon to balance interrupts for SMP systems...
[[0;32m  OK  [0m] Started LXD - container startup/shutdown.
[[0;32m  OK  [0m] Started Permit User Sessions.
[[0;32m  OK  [0m] Started LSB: Record successful boot for GRUB.
[[0;32m  OK  [0m] Started OpenBSD Secure Shell server.
[[0;32m  OK  [0m] Started LSB: MD monitoring daemon.
         Starting Authenticate and Authorize Users to Run Privileged Tasks...
         Starting Hold until boot process finishes up...
         Starting Terminate Plymouth Boot Screen...
[[0;32m  OK  [0m] Started LSB: Set the CPU Frequency Scaling governor to "ondemand".
[[0;32m  OK  [0m] Started LSB: automatic crash report generation.
[[0;32m  OK  [0m] Started Hold until boot process finishes up.
[[0;32m  OK  [0m] Started Terminate Plymouth Boot Screen.
[[0;32m  OK  [0m] Started Serial Getty on ttyS0.
         Starting Set console scheme...
[[0;32m  OK  [0m] Started Getty on tty1.
[[0;32m  OK  [0m] Reached target Login Prompts.
[[0;32m  OK  [0m] Started Set console scheme.
[[0;32m  OK  [0m] Started Authenticate and Authorize Users to Run Privileged Tasks.
[[0;32m  OK  [0m] Started Accounts Service.
[[0;32m  OK  [0m] Started LSB: daemon to balance interrupts for SMP systems.
[[0;32m  OK  [0m] Created slice User Slice of vagrant.
         Starting User Manager for UID 1000...
[[0;32m  OK  [0m] Started Session 1 of user vagrant.
[[0;32m  OK  [0m] Started User Manager for UID 1000.
[[0;32m  OK  [0m] Started Virtualbox guest utils.
[[0;32m  OK  [0m] Started Snap Daemon.
         Starting Wait until snapd is fully seeded...
[[0;32m  OK  [0m] Started Wait until snapd is fully seeded.
[[0;32m  OK  [0m] Reached target Multi-User System.
[[0;32m  OK  [0m] Reached target Graphical Interface.
         Starting Update UTMP about System Runlevel Changes...
         Starting Apply the settings specified in cloud-config...
[[0;32m  OK  [0m] Started Update UTMP about System Runlevel Changes.
[   23.389899] cloud-init[1459]: Cloud-init v. 21.1-19-gbad84ad4-0ubuntu1~16.04.2 running 'modules:config' at Wed, 10 Nov 2021 08:38:57 +0000. Up 23.14 seconds.
[[0;32m  OK  [0m] Started Apply the settings specified in cloud-config.
         Starting Execute cloud user/final scripts...
[   24.267469] cloud-init[1508]: Cloud-init v. 21.1-19-gbad84ad4-0ubuntu1~16.04.2 running 'modules:final' at Wed, 10 Nov 2021 08:38:58 +0000. Up 24.00 seconds.
[   24.269678] cloud-init[1508]: Cloud-init v. 21.1-19-gbad84ad4-0ubuntu1~16.04.2 finished at Wed, 10 Nov 2021 08:38:58 +0000. Datasource DataSourceNoCloud [seed=/dev/sdb][dsmode=net].  Up 24.25 seconds
[[0;32m  OK  [0m] Started Execute cloud user/final scripts.
[[0;32m  OK  [0m] Reached target Cloud-init target.

Ubuntu 16.04.7 LTS ubuntu-xenial ttyS0

ubuntu-xenial login: 