[    0.000000] Initializing cgroup subsys cpuset
[    0.000000] Initializing cgroup subsys cpu
[    0.000000] Initializing cgroup subsys cpuacct
[    0.000000] Linux version 4.4.0-210-generic (buildd@lgw01-amd64-009) (gcc version 5.4.0 20160609 (Ubuntu 5.4.0-6ubuntu1~16.04.12) ) #242-Ubuntu SMP Fri Apr 16 09:57:56 UTC 2021 (Ubuntu 4.4.0-210.242-generic 4.4.262)
[    0.000000] Command line: BOOT_IMAGE=/boot/vmlinuz-4.4.0-210-generic root=LABEL=cloudimg-rootfs ro console=tty1 console=ttyS0
[    0.000000] KERNEL supported cpus:
[    0.000000]   Intel GenuineIntel
[    0.000000]   AMD AuthenticAMD
[    0.000000]   Centaur CentaurHauls
[    0.000000] x86/fpu: xstate_offset[2]:  576, xstate_sizes[2]:  256
[    0.000000] x86/fpu: Supporting XSAVE feature 0x01: 'x87 floating point registers'
[    0.000000] x86/fpu: Supporting XSAVE feature 0x02: 'SSE registers'
[    0.000000] x86/fpu: Supporting XSAVE feature 0x04: 'AVX registers'
[    0.000000] x86/fpu: Enabled xstate features 0x7, context size is 832 bytes, using 'standard' format.
[    0.000000] e820: BIOS-provided physical RAM map:
[    0.000000] BIOS-e820: [mem 0x0000000000000000-0x000000000009fbff] usable
[    0.000000] BIOS-e820: [mem 0x000000000009fc00-0x000000000009ffff] reserved
[    0.000000] BIOS-e820: [mem 0x00000000000f0000-0x00000000000fffff] reserved
[    0.000000] BIOS-e820: [mem 0x0000000000100000-0x000000003ffeffff] usable
[    0.000000] BIOS-e820: [mem 0x000000003fff0000-0x000000003fffffff] ACPI data
[    0.000000] BIOS-e820: [mem 0x00000000fec00000-0x00000000fec00fff] reserved
[    0.000000] BIOS-e820: [mem 0x00000000fee00000-0x00000000fee00fff] reserved
[    0.000000] BIOS-e820: [mem 0x00000000fffc0000-0x00000000ffffffff] reserved
[    0.000000] NX (Execute Disable) protection: active
[    0.000000] SMBIOS 2.5 present.
[    0.000000] Hypervisor detected: KVM
[    0.000000] e820: last_pfn = 0x3fff0 max_arch_pfn = 0x400000000
[    0.000000] MTRR: Disabled
[    0.000000] x86/PAT: MTRRs disabled, skipping PAT initialization too.
[    0.000000] CPU MTRRs all blank - virtualized system.
[    0.000000] x86/PAT: Configuration [0-7]: WB  WT  UC- UC  WB  WT  UC- UC  
[    0.000000] found SMP MP-table at [mem 0x0009fff0-0x0009ffff] mapped at [ffff88000009fff0]
[    0.000000] Scanning 1 areas for low memory corruption
[    0.000000] RAMDISK: [mem 0x362dc000-0x37165fff]
[    0.000000] ACPI: Early table checksum verification disabled
[    0.000000] ACPI: RSDP 0x00000000000E0000 000024 (v02 VBOX  )
[    0.000000] ACPI: XSDT 0x000000003FFF0030 00003C (v01 VBOX   VBOXXSDT 00000001 ASL  00000061)
[    0.000000] ACPI: FACP 0x000000003FFF00F0 0000F4 (v04 VBOX   VBOXFACP 00000001 ASL  00000061)
[    0.000000] ACPI: DSDT 0x000000003FFF0470 002325 (v02 VBOX   VBOXBIOS 00000002 INTL 20100528)
[    0.000000] ACPI: FACS 0x000000003FFF0200 000040
[    0.000000] ACPI: FACS 0x000000003FFF0200 000040
[    0.000000] ACPI: APIC 0x000000003FFF0240 00005C (v02 VBOX   VBOXAPIC 00000001 ASL  00000061)
[    0.000000] ACPI: SSDT 0x000000003FFF02A0 0001CC (v01 VBOX   VBOXCPUT 00000002 INTL 20100528)
[    0.000000] No NUMA configuration found
[    0.000000] Faking a node at [mem 0x0000000000000000-0x000000003ffeffff]
[    0.000000] NODE_DATA(0) allocated [mem 0x3ffeb000-0x3ffeffff]
[    0.000000] kvm-clock: Using msrs 4b564d01 and 4b564d00
[    0.000000] kvm-clock: cpu 0, msr 0:3ffe3001, primary cpu clock
[    0.000000] kvm-clock: using sched offset of 4009873440 cycles
[    0.000000] clocksource: kvm-clock: mask: 0xffffffffffffffff max_cycles: 0x1cd42e4dffb, max_idle_ns: 881590591483 ns
[    0.000000] Zone ranges:
[    0.000000]   DMA      [mem 0x0000000000001000-0x0000000000ffffff]
[    0.000000]   DMA32    [mem 0x0000000001000000-0x000000003ffeffff]
[    0.000000]   Normal   empty
[    0.000000]   Device   empty
[    0.000000] Movable zone start for each node
[    0.000000] Early memory node ranges
[    0.000000]   node   0: [mem 0x0000000000001000-0x000000000009efff]
[    0.000000]   node   0: [mem 0x0000000000100000-0x000000003ffeffff]
[    0.000000] Initmem setup node 0 [mem 0x0000000000001000-0x000000003ffeffff]
[    0.000000] ACPI: PM-Timer IO Port: 0x4008
[    0.000000] IOAPIC[0]: apic_id 2, version 32, address 0xfec00000, GSI 0-23
[    0.000000] ACPI: INT_SRC_OVR (bus 0 bus_irq 0 global_irq 2 dfl dfl)
[    0.000000] ACPI: INT_SRC_OVR (bus 0 bus_irq 9 global_irq 9 low level)
[    0.000000] Using ACPI (MADT) for SMP configuration information
[    0.000000] smpboot: Allowing 2 CPUs, 0 hotplug CPUs
[    0.000000] PM: Registered nosave memory: [mem 0x00000000-0x00000fff]
[    0.000000] PM: Registered nosave memory: [mem 0x0009f000-0x0009ffff]
[    0.000000] PM: Registered nosave memory: [mem 0x000a0000-0x000effff]
[    0.000000] PM: Registered nosave memory: [mem 0x000f0000-0x000fffff]
[    0.000000] e820: [mem 0x40000000-0xfebfffff] available for PCI devices
[    0.000000] Booting paravirtualized kernel on KVM
[    0.000000] clocksource: refined-jiffies: mask: 0xffffffff max_cycles: 0xffffffff, max_idle_ns: 7645519600211568 ns
[    0.000000] setup_percpu: NR_CPUS:512 nr_cpumask_bits:512 nr_cpu_ids:2 nr_node_ids:1
[    0.000000] PERCPU: Embedded 33 pages/cpu @ffff88003fc00000 s95192 r8192 d31784 u1048576
[    0.000000] Built 1 zonelists in Node order, mobility grouping on.  Total pages: 257912
[    0.000000] Policy zone: DMA32
[    0.000000] Kernel command line: BOOT_IMAGE=/boot/vmlinuz-4.4.0-210-generic root=LABEL=cloudimg-rootfs ro console=tty1 console=ttyS0
[    0.000000] PID hash table entries: 4096 (order: 3, 32768 bytes)
[    0.000000] Memory: 997792K/1048120K available (8644K kernel code, 1332K rwdata, 4044K rodata, 1492K init, 1164K bss, 50328K reserved, 0K cma-reserved)
[    0.000000] SLUB: HWalign=64, Order=0-3, MinObjects=0, CPUs=2, Nodes=1
[    0.000000] Kernel/User page tables isolation: enabled
[    0.000000] Hierarchical RCU implementation.
[    0.000000] 	Build-time adjustment of leaf fanout to 64.
[    0.000000] 	RCU restricting CPUs from NR_CPUS=512 to nr_cpu_ids=2.
[    0.000000] RCU: Adjusting geometry for rcu_fanout_leaf=64, nr_cpu_ids=2
[    0.000000] NR_IRQS:33024 nr_irqs:440 16
[    0.000000] Console: colour VGA+ 80x25
[    0.000000] console [tty1] enabled
[    0.000000] console [ttyS0] enabled
[    0.000000] tsc: Detected 3997.682 MHz processor
[    0.232692] Calibrating delay loop (skipped) preset value.. 7995.36 BogoMIPS (lpj=15990728)
[    0.235325] pid_max: default: 32768 minimum: 301
[    0.236690] ACPI: Core revision 20150930
[    0.240771] ACPI: 2 ACPI AML tables successfully acquired and loaded
[    0.242659] Security Framework initialized
[    0.243998] Yama: becoming mindful.
[    0.245182] AppArmor: AppArmor initialized
[    0.246596] Dentry cache hash table entries: 131072 (order: 8, 1048576 bytes)
[    0.251984] Inode-cache hash table entries: 65536 (order: 7, 524288 bytes)
[    0.254050] Mount-cache hash table entries: 2048 (order: 2, 16384 bytes)
[    0.255843] Mountpoint-cache hash table entries: 2048 (order: 2, 16384 bytes)
[    0.257915] Initializing cgroup subsys io
[    0.259187] Initializing cgroup subsys memory
[    0.260491] Initializing cgroup subsys devices
[    0.261808] Initializing cgroup subsys freezer
[    0.263168] Initializing cgroup subsys net_cls
[    0.264496] Initializing cgroup subsys perf_event
[    0.265870] Initializing cgroup subsys net_prio
[    0.267245] Initializing cgroup subsys hugetlb
[    0.268603] Initializing cgroup subsys pids
[    0.270682] mce: CPU supports 0 MCE banks
[    0.271947] Last level iTLB entries: 4KB 1024, 2MB 1024, 4MB 1024
[    0.273582] Last level dTLB entries: 4KB 1024, 2MB 1024, 4MB 1024, 1GB 4
[    0.275363] Spectre V1 : Mitigation: usercopy/swapgs barriers and __user pointer sanitization
[    0.277856] Spectre V2 : Mitigation: Full generic retpoline
[    0.279450] Spectre V2 : Spectre v2 / SpectreRSB mitigation: Filling RSB on context switch
[    0.281901] Speculative Store Bypass: Vulnerable
[    0.283314] SRBDS: Unknown: Dependent on hypervisor status
[    0.285004] MDS: Mitigation: Clear CPU buffers
[    0.291042] Freeing SMP alternatives memory: 36K
[    0.301054] ftrace: allocating 32380 entries in 127 pages
[    0.387725] smpboot: APIC(0) Converting physical 0 to logical package 0
[    0.389505] smpboot: Max logical packages: 1
[    0.391285] x2apic enabled
[    0.392751] Switched APIC routing to physical x2apic.
[    0.396330] ..TIMER: vector=0x30 apic1=0 pin1=2 apic2=-1 pin2=-1
[    0.506090] smpboot: CPU0: Intel(R) Core(TM) i7-4790K CPU @ 4.00GHz (family: 0x6, model: 0x3c, stepping: 0x3)
[    0.509156] Performance Events: unsupported p6 CPU model 60 no PMU driver, software events only.
[    0.524619] KVM setup paravirtual spinlock
[    0.526594] x86: Booting SMP configuration:
[    0.527869] .... node  #0, CPUs:      #1
[    0.528999] kvm-clock: cpu 1, msr 0:3ffe3041, secondary cpu clock
[    0.530689] mce: CPU supports 0 MCE banks
[    0.533298] x86: Booted up 1 node, 2 CPUs
[    0.534993] smpboot: Total of 2 processors activated (15990.72 BogoMIPS)
[    0.537232] devtmpfs: initialized
[    0.546937] evm: security.selinux
[    0.548070] evm: security.SMACK64
[    0.549218] evm: security.SMACK64EXEC
[    0.550416] evm: security.SMACK64TRANSMUTE
[    0.551673] evm: security.SMACK64MMAP
[    0.552870] evm: security.ima
[    0.553934] evm: security.capability
[    0.555253] clocksource: jiffies: mask: 0xffffffff max_cycles: 0xffffffff, max_idle_ns: 7645041785100000 ns
[    0.557997] futex hash table entries: 512 (order: 3, 32768 bytes)
[    0.559772] pinctrl core: initialized pinctrl subsystem
[    0.561409] RTC time:  9:12:56, date: 11/11/21
[    0.562944] NET: Registered protocol family 16
[    0.576276] cpuidle: using governor ladder
[    0.587013] cpuidle: using governor menu
[    0.588244] PCCT header not found.
[    0.589490] ACPI: bus type PCI registered
[    0.590771] acpiphp: ACPI Hot Plug PCI Controller Driver version: 0.5
[    0.592622] PCI: Using configuration type 1 for base access
[    0.608846] ACPI: Added _OSI(Module Device)
[    0.610129] ACPI: Added _OSI(Processor Device)
[    0.611488] ACPI: Added _OSI(3.0 _SCP Extensions)
[    0.612856] ACPI: Added _OSI(Processor Aggregator Device)
[    0.615594] ACPI: Executed 1 blocks of module-level executable AML code
[    0.621667] ACPI: Interpreter enabled
[    0.622886] ACPI: (supports S0 S5)
[    0.624016] ACPI: Using IOAPIC for interrupt routing
[    0.625735] PCI: Using host bridge windows from ACPI; if necessary, use "pci=nocrs" and report a bug
[    0.635309] ACPI: PCI Root Bridge [PCI0] (domain 0000 [bus 00-ff])
[    0.637008] acpi PNP0A03:00: _OSC: OS supports [ASPM ClockPM Segments MSI]
[    0.639487] acpi PNP0A03:00: _OSC: not requesting OS control; OS requires [ExtendedConfig ASPM ClockPM MSI]
[    0.642288] acpi PNP0A03:00: fail to add MMCONFIG information, can't access extended PCI configuration space under this bridge.
[    0.645867] PCI host bridge to bus 0000:00
[    0.647164] pci_bus 0000:00: root bus resource [io  0x0000-0x0cf7 window]
[    0.648994] pci_bus 0000:00: root bus resource [io  0x0d00-0xffff window]
[    0.650806] pci_bus 0000:00: root bus resource [mem 0x000a0000-0x000bffff window]
[    0.653119] pci_bus 0000:00: root bus resource [mem 0x40000000-0xfdffffff window]
[    0.655831] pci_bus 0000:00: root bus resource [bus 00-ff]
[    0.659623] pci 0000:00:01.1: legacy IDE quirk: reg 0x10: [io  0x01f0-0x01f7]
[    0.661461] pci 0000:00:01.1: legacy IDE quirk: reg 0x14: [io  0x03f6]
[    0.663468] pci 0000:00:01.1: legacy IDE quirk: reg 0x18: [io  0x0170-0x0177]
[    0.685139] pci 0000:00:01.1: legacy IDE quirk: reg 0x1c: [io  0x0376]
[    0.698739] pci 0000:00:07.0: quirk: [io  0x4000-0x403f] claimed by PIIX4 ACPI
[    0.701032] pci 0000:00:07.0: quirk: [io  0x4100-0x410f] claimed by PIIX4 SMB
[    0.710927] ACPI: PCI Interrupt Link [LNKA] (IRQs 5 9 10 *11)
[    0.713419] ACPI: PCI Interrupt Link [LNKB] (IRQs 5 9 *10 11)
[    0.715672] ACPI: PCI Interrupt Link [LNKC] (IRQs 5 *9 10 11)
[    0.717956] ACPI: PCI Interrupt Link [LNKD] (IRQs 5 9 10 *11)
[    0.720192] ACPI: Enabled 2 GPEs in block 00 to 07
[    0.722071] vgaarb: setting as boot device: PCI:0000:00:02.0
[    0.723641] vgaarb: device added: PCI:0000:00:02.0,decodes=io+mem,owns=io+mem,locks=none
[    0.726098] vgaarb: loaded
[    0.727092] vgaarb: bridge control possible 0000:00:02.0
[    0.728948] SCSI subsystem initialized
[    0.730261] ACPI: bus type USB registered
[    0.731550] usbcore: registered new interface driver usbfs
[    0.733121] usbcore: registered new interface driver hub
[    0.734640] usbcore: registered new device driver usb
[    0.739211] PCI: Using ACPI for IRQ routing
[    0.740879] NetLabel: Initializing
[    0.742023] NetLabel:  domain hash size = 128
[    0.743334] NetLabel:  protocols = UNLABELED CIPSOv4
[    0.744798] NetLabel:  unlabeled traffic allowed by default
[    0.746486] amd_nb: Cannot enumerate AMD northbridges
[    0.748025] clocksource: Switched to clocksource kvm-clock
[    0.766031] AppArmor: AppArmor Filesystem Enabled
[    0.767508] pnp: PnP ACPI init
[    0.769814] pnp: PnP ACPI: found 3 devices
[    0.778402] clocksource: acpi_pm: mask: 0xffffff max_cycles: 0xffffff, max_idle_ns: 2085701024 ns
[    0.781067] NET: Registered protocol family 2
[    0.782577] TCP established hash table entries: 8192 (order: 4, 65536 bytes)
[    0.784461] TCP bind hash table entries: 8192 (order: 5, 131072 bytes)
[    0.786216] TCP: Hash tables configured (established 8192 bind 8192)
[    0.787920] UDP hash table entries: 512 (order: 2, 16384 bytes)
[    0.789708] UDP-Lite hash table entries: 512 (order: 2, 16384 bytes)
[    0.791428] NET: Registered protocol family 1
[    0.792772] pci 0000:00:00.0: Limiting direct PCI/PCI transfers
[    0.794435] pci 0000:00:01.0: Activating ISA DMA hang workarounds
[    0.796273] Unpacking initramfs...
[    1.161297] Freeing initrd memory: 14888K
[    1.162691] RAPL PMU detected, API unit is 2^-32 Joules, 4 fixed counters 10737418240 ms ovfl timer
[    1.165403] hw unit of domain pp0-core 2^-0 Joules
[    1.166808] hw unit of domain package 2^-0 Joules
[    1.168245] hw unit of domain dram 2^-0 Joules
[    1.169573] hw unit of domain pp1-gpu 2^-0 Joules
[    1.170967] clocksource: tsc: mask: 0xffffffffffffffff max_cycles: 0x733f9e9e4e4, max_idle_ns: 881590812519 ns
[    1.173861] platform rtc_cmos: registered platform RTC device (no PNP device found)
[    1.176268] Scanning for low memory corruption every 60 seconds
[    1.178367] audit: initializing netlink subsys (disabled)
[    1.179904] audit: type=2000 audit(1636621982.511:1): initialized
[    1.181981] Initialise system trusted keyring
[    1.183448] HugeTLB registered 2 MB page size, pre-allocated 0 pages
[    1.187561] zbud: loaded
[    1.188983] VFS: Disk quotas dquot_6.6.0
[    1.190268] VFS: Dquot-cache hash table entries: 512 (order 0, 4096 bytes)
[    1.192453] squashfs: version 4.0 (2009/01/31) Phillip Lougher
[    1.194435] fuse init (API version 7.23)
[    1.195854] Key type big_key registered
[    1.197133] Allocating IMA MOK and blacklist keyrings.
[    1.199255] Key type asymmetric registered
[    1.200525] Asymmetric key parser 'x509' registered
[    1.202031] Block layer SCSI generic (bsg) driver version 0.4 loaded (major 249)
[    1.204407] io scheduler noop registered
[    1.205671] io scheduler deadline registered (default)
[    1.207179] io scheduler cfq registered
[    1.208582] pci_hotplug: PCI Hot Plug PCI Core version: 0.5
[    1.210146] pciehp: PCI Express Hot Plug Controller Driver version: 0.4
[    1.212087] ACPI: AC Adapter [AC] (on-line)
[    1.213480] input: Power Button as /devices/LNXSYSTM:00/LNXPWRBN:00/input/input0
[    1.215805] ACPI: Power Button [PWRF]
[    1.217133] input: Sleep Button as /devices/LNXSYSTM:00/LNXSLPBN:00/input/input1
[    1.219455] ACPI: Sleep Button [SLPF]
[    1.220916] GHES: HEST is not enabled!
[    1.222236] Serial: 8250/16550 driver, 32 ports, IRQ sharing enabled
[    1.244820] 00:02: ttyS0 at I/O 0x3f8 (irq = 4, base_baud = 115200) is a 16550A
[    1.248960] Linux agpgart interface v0.103
[    1.251664] loop: module loaded
[    1.253551] scsi host0: ata_piix
[    1.254781] scsi host1: ata_piix
[    1.255935] ata1: PATA max UDMA/33 cmd 0x1f0 ctl 0x3f6 bmdma 0xd000 irq 14
[    1.257772] ata2: PATA max UDMA/33 cmd 0x170 ctl 0x376 bmdma 0xd008 irq 15
[    1.259947] libphy: Fixed MDIO Bus: probed
[    1.261257] tun: Universal TUN/TAP device driver, 1.6
[    1.262703] tun: (C) 1999-2004 Max Krasnyansky <maxk@qualcomm.com>
[    1.264426] PPP generic driver version 2.4.2
[    1.265854] ehci_hcd: USB 2.0 'Enhanced' Host Controller (EHCI) Driver
[    1.267587] ehci-pci: EHCI PCI platform driver
[    1.268976] ehci-platform: EHCI generic platform driver
[    1.270464] ohci_hcd: USB 1.1 'Open' Host Controller (OHCI) Driver
[    1.272131] ohci-pci: OHCI PCI platform driver
[    1.273542] ohci-platform: OHCI generic platform driver
[    1.275051] uhci_hcd: USB Universal Host Controller Interface driver
[    1.276838] i8042: PNP: PS/2 Controller [PNP0303:PS2K,PNP0f03:PS2M] at 0x60,0x64 irq 1,12
[    1.279956] serio: i8042 KBD port at 0x60,0x64 irq 1
[    1.281424] serio: i8042 AUX port at 0x60,0x64 irq 12
[    1.283045] mousedev: PS/2 mouse device common for all mice
[    1.285174] input: AT Translated Set 2 keyboard as /devices/platform/i8042/serio0/input/input2
[    1.288031] rtc_cmos rtc_cmos: rtc core: registered rtc_cmos as rtc0
[    1.289869] rtc_cmos rtc_cmos: alarms up to one day, 114 bytes nvram
[    1.291584] i2c /dev entries driver
[    1.292862] device-mapper: uevent: version 1.0.3
[    1.294304] device-mapper: ioctl: 4.34.0-ioctl (2015-10-28) initialised: dm-devel@redhat.com
[    1.296842] ledtrig-cpu: registered to indicate activity on CPUs
[    1.299026] NET: Registered protocol family 10
[    1.300584] NET: Registered protocol family 17
[    1.301929] Key type dns_resolver registered
[    1.303612] registered taskstats version 1
[    1.304949] Loading compiled-in X.509 certificates
[    1.307056] Loaded X.509 cert 'Build time autogenerated kernel key: cf00e047681d67edb2720680708b7d9498083038'
[    1.309910] zswap: loaded using pool lzo/zbud
[    1.312924] Key type trusted registered
[    1.317820] Key type encrypted registered
[    1.319093] AppArmor: AppArmor sha1 policy hashing enabled
[    1.320625] ima: No TPM chip found, activating TPM-bypass!
[    1.322209] ima: Allocated hash algorithm: sha1
[    1.323585] evm: HMAC attrs: 0x1
[    1.325117]   Magic number: 13:976:221
[    1.326415] rtc_cmos rtc_cmos: setting system clock to 2021-11-11 09:12:57 UTC (1636621977)
[    1.329040] BIOS EDD facility v0.16 2004-Jun-25, 0 devices found
[    1.330682] EDD information not available.
[    1.439582] Freeing unused kernel memory: 1492K
[    1.440979] Write protecting the kernel read-only data: 14336k
[    1.443246] Freeing unused kernel memory: 1584K
[    1.444824] Freeing unused kernel memory: 52K
Loading, please wait...
starting version 229
[    1.459519] random: systemd-udevd: uninitialized urandom read (16 bytes read, 2 bits of entropy available)
[    1.460243] random: udevadm: uninitialized urandom read (16 bytes read, 2 bits of entropy available)
[    1.460263] random: udevadm: uninitialized urandom read (16 bytes read, 2 bits of entropy available)
[    1.467823] random: systemd-udevd: uninitialized urandom read (16 bytes read, 2 bits of entropy available)
[    1.470636] random: systemd-udevd: uninitialized urandom read (16 bytes read, 2 bits of entropy available)
[    1.473192] random: udevadm: uninitialized urandom read (16 bytes read, 2 bits of entropy available)
[    1.473247] random: udevadm: uninitialized urandom read (16 bytes read, 2 bits of entropy available)
[    1.473448] random: udevadm: uninitialized urandom read (16 bytes read, 2 bits of entropy available)
[    1.473519] random: udevadm: uninitialized urandom read (16 bytes read, 2 bits of entropy available)
[    1.473591] random: udevadm: uninitialized urandom read (16 bytes read, 2 bits of entropy available)
[    1.528816] Fusion MPT base driver 3.04.20
[    1.530107] Copyright (c) 1999-2008 LSI Corporation
[    1.531896] e1000: Intel(R) PRO/1000 Network Driver - version 7.3.21-k8-NAPI
[    1.533881] e1000: Copyright (c) 1999-2006 Intel Corporation.
[    1.546047] Fusion MPT SPI Host driver 3.04.20
[    1.558738] AVX2 version of gcm_enc/dec engaged.
[    1.560132] AES CTR mode by8 optimization enabled
[    1.745975] input: ImExPS/2 Generic Explorer Mouse as /devices/platform/i8042/serio1/input/input4
[    1.934524] e1000 0000:00:03.0 eth0: (PCI:33MHz:32-bit) 02:be:82:6b:cc:1d
[    1.936325] e1000 0000:00:03.0 eth0: Intel(R) PRO/1000 Network Connection
[    2.343013] e1000 0000:00:08.0 eth1: (PCI:33MHz:32-bit) 08:00:27:65:2c:de
[    2.344823] e1000 0000:00:08.0 eth1: Intel(R) PRO/1000 Network Connection
[    2.347730] e1000 0000:00:08.0 enp0s8: renamed from eth1
[    2.349956] mptbase: ioc0: Initiating bringup
[    2.356510] e1000 0000:00:03.0 enp0s3: renamed from eth0
[    2.892697] ioc0: LSI53C1030 A0: Capabilities={Initiator}
[    4.989970] scsi host2: ioc0: LSI53C1030 A0, FwRev=00000000h, Ports=1, MaxQ=256, IRQ=20
[    6.943419] scsi 2:0:0:0: Direct-Access     VBOX     HARDDISK         1.0  PQ: 0 ANSI: 5
[    6.945968] scsi target2:0:0: Beginning Domain Validation
[    6.968543] scsi target2:0:0: Domain Validation skipping write tests
[    6.970246] scsi target2:0:0: Ending Domain Validation
[    6.971762] scsi target2:0:0: asynchronous
[    6.973467] scsi 2:0:1:0: Direct-Access     VBOX     HARDDISK         1.0  PQ: 0 ANSI: 5
[    6.975937] scsi target2:0:1: Beginning Domain Validation
[    6.978517] scsi target2:0:1: Domain Validation skipping write tests
[    6.980204] scsi target2:0:1: Ending Domain Validation
[    6.981762] scsi target2:0:1: asynchronous
[    6.986626] sd 2:0:0:0: Attached scsi generic sg0 type 0
[    6.988214] sd 2:0:0:0: [sda] 83886080 512-byte logical blocks: (42.9 GB/40.0 GiB)
[    6.990911] sd 2:0:1:0: Attached scsi generic sg1 type 0
[    6.992431] sd 2:0:1:0: [sdb] 20480 512-byte logical blocks: (10.5 MB/10.0 MiB)
[    6.994965] sd 2:0:0:0: [sda] Write Protect is off
[    6.995169] sd 2:0:1:0: [sdb] Write Protect is off
[    6.995260] sd 2:0:1:0: [sdb] Incomplete mode parameter data
[    6.995263] sd 2:0:1:0: [sdb] Assuming drive cache: write through
[    6.997736] sd 2:0:1:0: [sdb] Attached SCSI disk
[    7.002690] sd 2:0:0:0: [sda] Incomplete mode parameter data
[    7.004275] sd 2:0:0:0: [sda] Assuming drive cache: write through
[    7.006792]  sda: sda1
[    7.008356] sd 2:0:0:0: [sda] Attached SCSI disk
Begin: Loading essential drivers ... [    8.668248] md: linear personality registered for level -1
[    8.672315] md: multipath personality registered for level -4
[    8.676686] md: raid0 personality registered for level 0
[    8.682148] md: raid1 personality registered for level 1
[    8.756082] raid6: sse2x1   gen()  3621 MB/s
[    8.824065] raid6: sse2x1   xor()  2365 MB/s
[    8.892084] raid6: sse2x2   gen()  6219 MB/s
[    8.960046] raid6: sse2x2   xor()  4252 MB/s
[    9.028090] raid6: sse2x4   gen()  9575 MB/s
[    9.096082] raid6: sse2x4   xor()  5716 MB/s
[    9.164092] raid6: avx2x1   gen()  7749 MB/s
[    9.232064] raid6: avx2x2   gen() 14495 MB/s
[    9.300083] raid6: avx2x4   gen() 18144 MB/s
[    9.301385] raid6: using algorithm avx2x4 gen() 18144 MB/s
[    9.302919] raid6: using avx2x2 recovery algorithm
[    9.305536] xor: automatically using best checksumming function:
[    9.344075]    avx       : 26883.000 MB/sec
[    9.346889] async_tx: api initialized (async)
[    9.359041] md: raid6 personality registered for level 6
[    9.360556] md: raid5 personality registered for level 5
[    9.362040] md: raid4 personality registered for level 4
[    9.369956] md: raid10 personality registered for level 10
done.
Begin: Running /scripts/init-premount ... done.
Begin: Mounting root file system ... Begin: Running /scripts/local-top ... done.
Begin: Running /scripts/local-premount ... [    9.409873] Btrfs loaded
Scanning for Btrfs filesystems
done.
Warning: fsck not present, so skipping root file system
[    9.438539] EXT4-fs (sda1): mounted filesystem with ordered data mode. Opts: (null)
done.
Begin: Running /scripts/local-bottom ... done.
Begin: Running /scripts/init-bottom ... done.
[    9.530833] systemd[1]: systemd 229 running in system mode. (+PAM +AUDIT +SELINUX +IMA +APPARMOR +SMACK +SYSVINIT +UTMP +LIBCRYPTSETUP +GCRYPT +GNUTLS +ACL +XZ -LZ4 +SECCOMP +BLKID +ELFUTILS +KMOD -IDN)
[    9.535723] systemd[1]: Detected virtualization oracle.
[    9.537247] systemd[1]: Detected architecture x86-64.

Welcome to [1mUbuntu 16.04.7 LTS[0m!

[    9.541004] systemd[1]: Set hostname to <ubuntu>.
[    9.543717] systemd[1]: Initializing machine ID from random generator.
[    9.545562] systemd[1]: Installed transient /etc/machine-id file.
[    9.665318] systemd[1]: Listening on LVM2 poll daemon socket.
[[0;32m  OK  [0m] Listening on LVM2 poll daemon socket.
[    9.668153] systemd[1]: Set up automount Arbitrary Executable File Formats File System Automount Point.
[[0;32m  OK  [0m] Set up automount Arbitrary Executab...ats File System Automount Point.
[    9.672267] systemd[1]: Listening on Journal Audit Socket.
[[0;32m  OK  [0m] Listening on Journal Audit Socket.
[    9.674778] systemd[1]: Listening on LVM2 metadata daemon socket.
[[0;32m  OK  [0m] Listening on LVM2 metadata daemon socket.
[    9.677542] systemd[1]: Reached target Encrypted Volumes.
[[0;32m  OK  [0m] Reached target Encrypted Volumes.
[    9.680404] systemd[1]: Created slice User and Session Slice.
[[0;32m  OK  [0m] Created slice User and Session Slice.
[    9.682943] systemd[1]: Reached target System Time Synchronized.
[[0;32m  OK  [0m] Reached target System Time Synchronized.
[    9.685659] systemd[1]: Started Forward Password Requests to Wall Directory Watch.
[[0;32m  OK  [0m] Started Forward Password Requests to Wall Directory Watch.
[    9.689207] systemd[1]: Reached target User and Group Name Lookups.
[[0;32m  OK  [0m] Reached target User and Group Name Lookups.
[    9.691943] systemd[1]: Listening on /dev/initctl Compatibility Named Pipe.
[[0;32m  OK  [0m] Listening on /dev/initctl Compatibility Named Pipe.
[    9.694929] systemd[1]: Listening on Device-mapper event daemon FIFOs.
[[0;32m  OK  [0m] Listening on Device-mapper event daemon FIFOs.
[    9.697752] systemd[1]: Listening on Journal Socket (/dev/log).
[[0;32m  OK  [0m] Listening on Journal Socket (/dev/log).
[    9.700345] systemd[1]: Reached target Swap.
[[0;32m  OK  [0m] Reached target Swap.
[    9.702464] systemd[1]: Listening on Journal Socket.
[[0;32m  OK  [0m] Listening on Journal Socket.
[    9.704848] systemd[1]: Listening on Syslog Socket.
[[0;32m  OK  [0m] Listening on Syslog Socket.
[    9.707136] systemd[1]: Listening on fsck to fsckd communication Socket.
[[0;32m  OK  [0m] Listening on fsck to fsckd communication Socket.
[    9.710014] systemd[1]: Listening on udev Control Socket.
[[0;32m  OK  [0m] Listening on udev Control Socket.
[    9.712504] systemd[1]: Listening on udev Kernel Socket.
[[0;32m  OK  [0m] Listening on udev Kernel Socket.
[    9.715296] systemd[1]: Created slice System Slice.
[[0;32m  OK  [0m] Created slice System Slice.
[    9.732609] systemd[1]: Starting Journal Service...
         Starting Journal Service...
[    9.735678] systemd[1]: Starting Create list of required static device nodes for the current kernel...
         Starting Create list of required st... nodes for the current kernel...
[    9.743846] systemd[1]: Starting File System Check on Root Device...
         Starting File System Check on Root Device...
[    9.747681] systemd[1]: Mounting POSIX Message Queue File System...
         Mounting POSIX Message Queue File System...
[    9.751109] systemd[1]: Starting Nameserver information manager...
         Starting Nameserver information manager...
[    9.760498] systemd[1]: Created slice system-serial\x2dgetty.slice.
[[0;32m  OK  [0m] Created slice system-serial\x2dgetty.slice.
[    9.764552] systemd[1]: Mounting Huge Pages File System...
         Mounting Huge Pages File System...
[    9.767977] systemd[1]: Starting Monitoring of LVM2 mirrors, snapshots etc. using dmeventd or progress polling...
         Starting Monitoring of LVM2 mirrors... dmeventd or progress polling...
[    9.773194] systemd[1]: Starting Uncomplicated firewall...
         Starting Uncomplicated firewall...
[    9.783651] systemd[1]: Starting Load Kernel Modules...
         Starting Load Kernel Modules...
[    9.787511] systemd[1]: Starting Set console keymap...
         Starting Set console keymap...
[    9.791835] systemd[1]: Mounting Debug File System...
         Mounting Debug File System...
[    9.795584] systemd[1]: Started Trigger resolvconf update for networkd DNS.
[[0;32m  OK  [0m] Started Trigger resolvconf update for networkd DNS.
[    9.798786] systemd[1]: Reached target Slices.
[[0;32m  OK  [0m] Reached target Slices.
[    9.804513] systemd[1]: Mounted Huge Pages File System.
[[0;32m  OK  [0m] Mounted Huge Pages File System.
[    9.807308] Loading iSCSI transport class v2.0-870.
[    9.809660] systemd[1]: Mounted POSIX Message Queue File System.
[[0;32m  OK  [0m] Mounted POSIX Message Queue File System.
[    9.812399] systemd[1]: Mounted Debug File System.
[[0;32m  OK  [0m] Mounted Debug File System.
[    9.815125] systemd[1]: Started Journal Service.
[[0;32m  OK  [0m] Started Journal Service.
[[0;32m  OK  [0m] Started Create list of required sta...ce nodes for the current kernel.
[[0;32m  OK  [0m] Started File System Check on Root Device.
[    9.828558] iscsi: registered transport (tcp)
[[0;32m  OK  [0m] Started Uncomplicated firewall.
[[0;32m  OK  [0m] Started Nameserver information manager.
[[0;32m  OK  [0m] Started LVM2 metadata daemon.
[[0;32m  OK  [0m] Started File System Check Daemon to report status.
         Starting Remount Root and Kernel File Systems...
         Starting Create Static Device Nodes in /dev...
[    9.861641] EXT4-fs (sda1): re-mounted. Opts: (null)
[[0;32m  OK  [0m] Started Remount Root and Kernel File Systems.
[    9.882026] iscsi: registered transport (iser)
         Starting Load/Save Random Seed...
         Starting Flush Journal to Persistent Storage...
         Starting udev Coldplug all Devices...
[[0;32m  OK  [0m] Started Load Kernel Modules.
[[0;32m  OK  [0m] Started Create Static Device Nodes in /dev.
[[0;32m  OK  [0m] Started Load/Save Random Seed.
         Starting udev Kernel Device Manager...
         Mounting FUSE Control File System...
         Starting Apply Kernel Variables...
[[0;32m  OK  [0m] Mounted FUSE Control File System.
[    9.921060] systemd-journald[374]: Received request to flush runtime journal from PID 1
[[0;32m  OK  [0m] Started Flush Journal to Persistent Storage.
[[0;32m  OK  [0m] Started Apply Kernel Variables.
[[0;32m  OK  [0m] Started udev Kernel Device Manager.
[[0;32m  OK  [0m] Started Set console keymap.
[[0;32m  OK  [0m] Started Monitoring of LVM2 mirrors,...ng dmeventd or progress polling.
[[0;32m  OK  [0m] Reached target Local File Systems (Pre).
[[0;32m  OK  [0m] Reached target Local File Systems.
         Starting Tell Plymouth To Write Out Runtime Data...
         Starting Create Volatile Files and Directories...
         Starting Commit a transient machine-id on disk...
         Starting Initial cloud-init job (pre-networking)...
         Starting Set console font and keymap...
         Starting LSB: AppArmor initialization...
[[0;32m  OK  [0m] Started Tell Plymouth To Write Out Runtime Data.
[[0;32m  OK  [0m] Started Create Volatile Files and Directories.
         Starting Update UTMP about System Boot/Shutdown...
[[0;32m  OK  [0m] Started udev Coldplug all Devices.
[[0;32m  OK  [0m] Started Dispatch Password Requests to Console Directory Watch.
[[0;32m  OK  [0m] Started Commit a transient machine-id on disk.
[[0;32m  OK  [0m] Started Update UTMP about System Boot/Shutdown.
[[0;32m  OK  [0m] Found device /dev/ttyS0.
[[0;32m  OK  [0m] Listening on Load/Save RF Kill Switch Status /dev/rfkill Watch.
[   11.551183] [[0;32m  OK  [0m] Started Initial cloud-init job (pre-networking).
[[0;32m  OK  [0m] Reached target Network (Pre).
cloud-init[502]: Cloud-init v. 21.1-19-gbad84ad4-0ubuntu1~16.04.2 running 'init-local' at Thu, 11 Nov 2021 09:13:07 +0000. Up 10.93 seconds.
[[0;32m  OK  [0m] Started Set console font and keymap.
[[0;32m  OK  [0m] Created slice system-getty.slice.
[[0;32m  OK  [0m] Started LSB: AppArmor initialization.
         Starting Load AppArmor profiles managed internally by snapd...
         Starting Raise network interfaces...
[[0;32m  OK  [0m] Started Load AppArmor profiles managed internally by snapd.
[[0;32m  OK  [0m] Started Raise network interfaces.
         Starting Initial cloud-init job (metadata service crawler)...
[[0;32m  OK  [0m] Reached target Network.
[   13.881894] cloud-init[974]: Cloud-init v. 21.1-19-gbad84ad4-0ubuntu1~16.04.2 running 'init' at Thu, 11 Nov 2021 09:13:09 +0000. Up 13.26 seconds.
[   13.884087] cloud-init[974]: ci-info: ++++++++++++++++++++++++++++++++++++++Net device info+++++++++++++++++++++++++++++++++++++++
[   13.886058] cloud-init[974]: ci-info: +--------+-------+----------------------------+---------------+--------+-------------------+
[   13.887981] cloud-init[974]: ci-info: | Device |   Up  |          Address           |      Mask     | Scope  |     Hw-Address    |
[   13.889910] cloud-init[974]: ci-info: +--------+-------+----------------------------+---------------+--------+-------------------+
[   13.891822] cloud-init[974]: ci-info: | enp0s3 |  True |         10.0.2.15          | 255.255.255.0 | global | 02:be:82:6b:cc:1d |
[   13.893732] cloud-init[974]: ci-info: | enp0s3 |  True | fe80::be:82ff:fe6b:cc1d/64 |       .       |  link  | 02:be:82:6b:cc:1d |
[   13.895655] cloud-init[974]: ci-info: | enp0s8 | False |             .              |       .       |   .    | 08:00:27:65:2c:de |
[   13.897610] cloud-init[974]: ci-info: |   lo   |  True |         127.0.0.1          |   255.0.0.0   |  host  |         .         |
[   13.899509] cloud-init[974]: ci-info: |   lo   |  True |          ::1/128           |       .       |  host  |         .         |
[   13.901408] cloud-init[974]: ci-info: +--------+-------+----------------------------+---------------+--------+-------------------+
[   13.903304] cloud-init[974]: ci-info: +++++++++++++++++++++++++++Route IPv4 info++++++++++++++++++++++++++++
[   13.904998] cloud-init[974]: ci-info: +-------+-------------+----------+---------------+-----------+-------+
[   13.906735] cloud-init[974]: ci-info: | Route | Destination | Gateway  |    Genmask    | Interface | Flags |
[   13.908425] cloud-init[974]: ci-info: +-------+-------------+----------+---------------+-----------+-------+
[   13.910111] cloud-init[974]: ci-info: |   0   |   0.0.0.0   | 10.0.2.2 |    0.0.0.0    |   enp0s3  |   UG  |
[   13.912207] cloud-init[974]: ci-info: |   1   |   10.0.2.0  | 0.0.0.0  | 255.255.255.0 |   enp0s3  |   U   |
[   13.913947] cloud-init[974]: ci-info: +-------+-------------+----------+---------------+-----------+-------+
[   13.915841] cloud-init[974]: ci-info: +++++++++++++++++++Route IPv6 info+++++++++++++++++++
[   13.917450] cloud-init[974]: ci-info: +-------+-------------+---------+-----------+-------+
[   13.918940] cloud-init[974]: ci-info: | Route | Destination | Gateway | Interface | Flags |
[   13.920436] cloud-init[974]: ci-info: +-------+-------------+---------+-----------+-------+
[   13.921929] cloud-init[974]: ci-info: |   0   |  fe80::/64  |    ::   |   enp0s3  |   U   |
[   13.923548] cloud-init[974]: ci-info: |   3   |   ff00::/8  |    ::   |   enp0s3  |   U   |
[   13.925245] cloud-init[974]: ci-info: +-------+-------------+---------+-----------+-------+
[   13.926756] cloud-init[974]: Generating public/private rsa key pair.
[   13.928011] cloud-init[974]: Your identification has been saved in /etc/ssh/ssh_host_rsa_key.
[   13.929546] cloud-init[974]: Your public key has been saved in /etc/ssh/ssh_host_rsa_key.pub.
[   13.930949] cloud-init[974]: The key fingerprint is:
[   13.932068] cloud-init[974]: SHA256:Kkm93vZ4Ku7Ympw0TsvIZQ8EwZ2vzytH9oJ9jwhDZmQ root@ubuntu-xenial
[   13.933627] cloud-init[974]: The key's randomart image is:
[   13.934775] cloud-init[974]: +---[RSA 2048]----+
[   13.935844] cloud-init[974]: | ... .           |
[   13.936951] cloud-init[974]: |  ..o            |
[   13.937996] cloud-init[974]: |  . E.           |
[   13.939049] cloud-init[974]: |   + ..          |
[   13.940138] cloud-init[974]: |    *.. S        |
[   13.941212] cloud-init[974]: |   *..oo         |
[   13.942281] cloud-init[974]: |    %Bo.         |
[   13.943344] cloud-init[974]: | . Xo#Bo+o.      |
[   13.944404] cloud-init[974]: |  o X*O*==o      |
[   13.945437] cloud-init[974]: +----[SHA256]-----+
[   13.946512] cloud-init[974]: Generating public/private dsa key pair.
[   13.947762] cloud-init[974]: Your identification has been saved in /etc/ssh/ssh_host_dsa_key.
[   13.949441] cloud-init[974]: Your public key has been saved in /etc/ssh/ssh_host_dsa_key.pub.
[   13.951257] cloud-init[974]: The key fingerprint is:
[   13.952503] cloud-init[974]: SHA256:MbcfYFYF4W2HynqhsWz3xJTw5LkkUKleA8quuHVvDHY root@ubuntu-xenial
[   13.954362] cloud-init[974]: The key's randomart image is:
[   13.955707] cloud-init[974]: +---[DSA 1024]----+
[   13.956894] cloud-init[974]: |            ==.  |
[   13.958065] cloud-init[974]: |          .+.. . |
[   13.959143] cloud-init[974]: |       .o.*oo = .|
[   13.960240] cloud-init[974]: |        o*.=oB + |
[   13.961292] cloud-init[974]: |       .S.o.*.B  |
[   13.962347] cloud-init[974]: |        +.E* B . |
[   13.963381] cloud-init[974]: |     ..o.+* + +  |
[   13.964463] cloud-init[974]: |    .... ooo o   |
[   13.965550] cloud-init[974]: |    ..   ..   .  |
[   13.966620] cloud-init[974]: +----[SHA256]-----+
[   13.967699] cloud-init[974]: Generating public/private ecdsa key pair.
[   13.968970] cloud-init[974]: Your identification has been saved in /etc/ssh/ssh_host_ecdsa_key.
[   13.970509] cloud-init[974]: Your public key has been saved in /etc/ssh/ssh_host_ecdsa_key.pub.
[   13.972071] cloud-init[974]: The key fingerprint is:
[   13.973199] cloud-init[974]: SHA256:iKo9HDHyneo65lCAgJUNPc0vnNrkR2PEkr7udzWaoBY root@ubuntu-xenial
[   13.974833] cloud-init[974]: The key's randomart image is:
[   13.976020] cloud-init[974]: +---[ECDSA 256]---+
[   13.977126] cloud-init[974]: |o.o= o o         |
[   13.978222] cloud-init[974]: |+ . + = o        |
[   13.979283] cloud-init[974]: |o    + =         |
[   13.980360] cloud-init[974]: |..o  .*.=        |
[   13.981432] cloud-init[974]: | o.+.*.=S.       |
[   13.982487] cloud-init[974]: | .o.+ E o   o    |
[   13.983567] cloud-init[974]: |...o . + . + .   |
[   13.984619] cloud-init[974]: |o++   + . +      |
[   13.985719] cloud-init[974]: |==o. o.. .       |
[   13.986786] cloud-init[974]: +----[SHA256]-----+
[   13.987835] cloud-init[974]: Generating public/private ed25519 key pair.
[   13.989168] cloud-init[974]: Your identification has been saved in /etc/ssh/ssh_host_ed25519_key.
[   13.990743] cloud-init[974]: Your public key has been saved in /etc/ssh/ssh_host_ed25519_key.pub.
[   13.992322] cloud-init[974]: The key fingerprint is:
[   13.993413] cloud-init[974]: SHA256:WBvobOR6t63YP91FupYLphdzF6rOnub5HmMqXWN6lIY root@ubuntu-xenial
[   13.994981] cloud-init[974]: The key's randomart image is:
[   13.996189] cloud-init[974]: +--[ED25519 256]--+
[   13.997246] cloud-init[974]: |                 |
[   13.998297] cloud-init[974]: |       .         |
[   13.999370] cloud-init[974]: |      o o        |
[   14.000455] cloud-init[974]: |     = o o     ..|
[   14.001504] cloud-init[974]: |      * S   . oo.|
[   14.002567] cloud-init[974]: |     o     EoOo o|
[   14.003620] cloud-init[974]: |    . . . ..XO.= |
[   14.004675] cloud-init[974]: |     . + +oBBoB  |
[   14.005755] cloud-init[974]: |      . +oX@++.. |
[   14.006897] cloud-init[974]: +----[SHA256]-----+
[[0;32m  OK  [0m] Started Initial cloud-init job (metadata service crawler).
[[0;32m  OK  [0m] Reached target System Initialization.
[[0;32m  OK  [0m] Started Message of the Day.
[[0;32m  OK  [0m] Started Daily apt download activities.
[[0;32m  OK  [0m] Started Daily apt upgrade and clean activities.
[[0;32m  OK  [0m] Listening on ACPID Listen Socket.
[[0;32m  OK  [0m] Started Daily Cleanup of Temporary Directories.
         Starting LXD - unix socket.
[[0;32m  OK  [0m] Started Ubuntu Advantage update messaging.
[[0;32m  OK  [0m] Reached target Timers.
[[0;32m  OK  [0m] Listening on D-Bus System Message Bus Socket.
[[0;32m  OK  [0m] Started ACPI Events Check.
[[0;32m  OK  [0m] Reached target Paths.
         Starting Socket activation for snappy daemon.
[[0;32m  OK  [0m] Listening on UUID daemon activation socket.
[[0;32m  OK  [0m] Reached target Network is Online.
         Starting iSCSI initiator daemon (iscsid)...
[[0;32m  OK  [0m] Reached target Cloud-config availability.
[[0;32m  OK  [0m] Listening on LXD - unix socket.
[[0;32m  OK  [0m] Listening on Socket activation for snappy daemon.
[[0;32m  OK  [0m] Reached target Sockets.
[[0;32m  OK  [0m] Reached target Basic System.
         Starting Accounts Service...
         Starting System Logging Service...
         Starting Login Service...
         Starting Pollinate to seed the pseudo random number generator...
         Starting LSB: MD monitoring daemon...
[[0;32m  OK  [0m] Started ACPI event daemon.
[[0;32m  OK  [0m] Started Regular background program processing daemon.
         Starting /etc/rc.local Compatibility...
[[0;32m  OK  [0m] Started Deferred execution scheduler.
[[0;32m  OK  [0m] Started FUSE filesystem for LXC.
         Starting LSB: Record successful boot for GRUB...
[[0;32m  OK  [0m] Started D-Bus System Message Bus.
         Starting Snap Daemon...
         Starting Virtualbox guest utils...
         Starting LXD - container startup/shutdown...
[[0;32m  OK  [0m] Started System Logging Service.
[[0;32m  OK  [0m] Started /etc/rc.local Compatibility.
[[0;32m  OK  [0m] Started iSCSI initiator daemon (iscsid).
         Starting Authenticate and Authorize Users to Run Privileged Tasks...
         Starting Login to default iSCSI targets...
[[0;32m  OK  [0m] Started Login Service.
[[0;32m  OK  [0m] Started Unattended Upgrades Shutdown.
[[0;32m  OK  [0m] Started LSB: Record successful boot for GRUB.
[[0;32m  OK  [0m] Started LSB: MD monitoring daemon.
[[0;32m  OK  [0m] Started Login to default iSCSI targets.
[[0;32m  OK  [0m] Reached target Remote File Systems (Pre).
[[0;32m  OK  [0m] Reached target Remote File Systems.
         Starting LSB: Set the CPU Frequency Scaling governor to "ondemand"...
         Starting LSB: automatic crash report generation...
         Starting Permit User Sessions...
         Starting LSB: daemon to balance interrupts for SMP systems...
[[0;32m  OK  [0m] Started Permit User Sessions.
[[0;32m  OK  [0m] Started Authenticate and Authorize Users to Run Privileged Tasks.
[[0;32m  OK  [0m] Started Accounts Service.
         Starting Terminate Plymouth Boot Screen...
         Starting Hold until boot process finishes up...
[[0;32m  OK  [0m] Started Hold until boot process finishes up.
[[0;32m  OK  [0m] Started Terminate Plymouth Boot Screen.
         Starting Set console scheme...
[[0;32m  OK  [0m] Started Getty on tty1.
[[0;32m  OK  [0m] Started Serial Getty on ttyS0.
[[0;32m  OK  [0m] Reached target Login Prompts.
[[0;32m  OK  [0m] Started LSB: Set the CPU Frequency Scaling governor to "ondemand".
[[0;32m  OK  [0m] Started LSB: automatic crash report generation.
[[0;32m  OK  [0m] Started Set console scheme.
[[0;32m  OK  [0m] Started LSB: daemon to balance interrupts for SMP systems.
[[0;32m  OK  [0m] Started LXD - container startup/shutdown.
[[0;32m  OK  [0m] Started Virtualbox guest utils.
[[0;32m  OK  [0m] Started Snap Daemon.
         Starting Wait until snapd is fully seeded...
[[0;32m  OK  [0m] Started Pollinate to seed the pseudo random number generator.
         Starting OpenBSD Secure Shell server...
[[0;32m  OK  [0m] Started OpenBSD Secure Shell server.
[[0;32m  OK  [0m] Started Wait until snapd is fully seeded.
         Starting Apply the settings specified in cloud-config...
[[0;32m  OK  [0m] Reached target Multi-User System.
[[0;32m  OK  [0m] Reached target Graphical Interface.
         Starting Update UTMP about System Runlevel Changes...
[[0;32m  OK  [0m] Started Update UTMP about System Runlevel Changes.
[   16.264774] cloud-init[1328]: Generating locales (this might take a while)...
[[0;32m  OK  [0m] Created slice User Slice of vagrant.
         Starting User Manager for UID 1000...
[[0;32m  OK  [0m] Started Session 1 of user vagrant.
[[0;32m  OK  [0m] Started User Manager for UID 1000.
[   18.012333] cloud-init[1328]:   en_US.UTF-8... done
[   18.015138] cloud-init[1328]: Generation complete.
[   18.511222] cloud-init[1328]: Cloud-init v. 21.1-19-gbad84ad4-0ubuntu1~16.04.2 running 'modules:config' at Thu, 11 Nov 2021 09:13:12 +0000. Up 16.11 seconds.
[[0;32m  OK  [0m] Started Apply the settings specified in cloud-config.
         Starting Execute cloud user/final scripts...
ci-info: no authorized SSH keys fingerprints found for user ubuntu.
<14>Nov 11 09:13:15 ec2: 
<14>Nov 11 09:13:15 ec2: #############################################################
<14>Nov 11 09:13:15 ec2: -----BEGIN SSH HOST KEY FINGERPRINTS-----
<14>Nov 11 09:13:15 ec2: 1024 SHA256:MbcfYFYF4W2HynqhsWz3xJTw5LkkUKleA8quuHVvDHY root@ubuntu-xenial (DSA)
<14>Nov 11 09:13:15 ec2: 256 SHA256:iKo9HDHyneo65lCAgJUNPc0vnNrkR2PEkr7udzWaoBY root@ubuntu-xenial (ECDSA)
<14>Nov 11 09:13:15 ec2: 256 SHA256:WBvobOR6t63YP91FupYLphdzF6rOnub5HmMqXWN6lIY root@ubuntu-xenial (ED25519)
<14>Nov 11 09:13:15 ec2: 2048 SHA256:Kkm93vZ4Ku7Ympw0TsvIZQ8EwZ2vzytH9oJ9jwhDZmQ root@ubuntu-xenial (RSA)
<14>Nov 11 09:13:15 ec2: -----END SSH HOST KEY FINGERPRINTS-----
<14>Nov 11 09:13:15 ec2: #############################################################
-----BEGIN SSH HOST KEY KEYS-----
ecdsa-sha2-nistp256 AAAAE2VjZHNhLXNoYTItbmlzdHAyNTYAAAAIbmlzdHAyNTYAAABBBFCn8bbkyl/7gwjr0lUslJ+NcFfoDUp6KKwJ461IhQvkdGt4BCtefJB4R5Io1jmqMFLQUUv3SZ9HXFwjqaconH0= root@ubuntu-xenial
ssh-ed25519 AAAAC3NzaC1lZDI1NTE5AAAAIL0ORxxErbvPUAGyudiD5tOIWb/acu9lpB9hMvmobeYB root@ubuntu-xenial
ssh-rsa AAAAB3NzaC1yc2EAAAADAQABAAABAQDM7RpG5Oe8H2FhcFo3lpT6gHgb0VhRgiS6hyXhCD7pX6Tlk/S2Zt29pSKr1Thxr0tXR5wok1/BHsK5ZKTicznDfS58IYSdDyWv0vc/BG2qJPt/aYJwy1pArzkXOLVLuQ8Wj+KsaH6y/L6yQi/AK4zA/M2o35iA0nsjBk6a8i+MHxMMAB3Ozu6AE/D6s81N6b8S1i9pqJYr1zf50+oXsOrIlrCmNCt8/a6ZSRB5BEMiePspgFPWNq6VMDQ7Qz7v1pajpIduJTkCdgeSoFR6H+otO0kBwjnYU3mU9e+HmsNlKJvS34p71kVV2Mm9/wCzwNDdM1PXu8YsReuCM9XeCRPf root@ubuntu-xenial
-----END SSH HOST KEY KEYS-----
[   19.341318] cloud-init[1458]: Cloud-init v. 21.1-19-gbad84ad4-0ubuntu1~16.04.2 running 'modules:final' at Thu, 11 Nov 2021 09:13:15 +0000. Up 19.10 seconds.
[   19.344306] cloud-init[1458]: ci-info: no authorized SSH keys fingerprints found for user ubuntu.
[   19.346124] cloud-init[1458]: Cloud-init v. 21.1-19-gbad84ad4-0ubuntu1~16.04.2 finished at Thu, 11 Nov 2021 09:13:15 +0000. Datasource DataSourceNoCloud [seed=/dev/sdb][dsmode=net].  Up 19.32 seconds

Ubuntu 16.04.7 LTS ubuntu-xenial ttyS0

ubuntu-xenial login: 