[    0.000000] Initializing cgroup subsys cpuset
[    0.000000] Initializing cgroup subsys cpu
[    0.000000] Initializing cgroup subsys cpuacct
[    0.000000] Linux version 4.4.0-210-generic (buildd@lgw01-amd64-009) (gcc version 5.4.0 20160609 (Ubuntu 5.4.0-6ubuntu1~16.04.12) ) #242-Ubuntu SMP Fri Apr 16 09:57:56 UTC 2021 (Ubuntu 4.4.0-210.242-generic 4.4.262)
[    0.000000] Command line: BOOT_IMAGE=/boot/vmlinuz-4.4.0-210-generic root=LABEL=cloudimg-rootfs ro console=tty1 console=ttyS0
[    0.000000] KERNEL supported cpus:
[    0.000000]   Intel GenuineIntel
[    0.000000]   AMD AuthenticAMD
[    0.000000]   Centaur CentaurHauls
[    0.000000] x86/fpu: xstate_offset[2]:  576, xstate_sizes[2]:  256
[    0.000000] x86/fpu: Supporting XSAVE feature 0x01: 'x87 floating point registers'
[    0.000000] x86/fpu: Supporting XSAVE feature 0x02: 'SSE registers'
[    0.000000] x86/fpu: Supporting XSAVE feature 0x04: 'AVX registers'
[    0.000000] x86/fpu: Enabled xstate features 0x7, context size is 832 bytes, using 'standard' format.
[    0.000000] e820: BIOS-provided physical RAM map:
[    0.000000] BIOS-e820: [mem 0x0000000000000000-0x000000000009fbff] usable
[    0.000000] BIOS-e820: [mem 0x000000000009fc00-0x000000000009ffff] reserved
[    0.000000] BIOS-e820: [mem 0x00000000000f0000-0x00000000000fffff] reserved
[    0.000000] BIOS-e820: [mem 0x0000000000100000-0x000000003ffeffff] usable
[    0.000000] BIOS-e820: [mem 0x000000003fff0000-0x000000003fffffff] ACPI data
[    0.000000] BIOS-e820: [mem 0x00000000fec00000-0x00000000fec00fff] reserved
[    0.000000] BIOS-e820: [mem 0x00000000fee00000-0x00000000fee00fff] reserved
[    0.000000] BIOS-e820: [mem 0x00000000fffc0000-0x00000000ffffffff] reserved
[    0.000000] NX (Execute Disable) protection: active
[    0.000000] SMBIOS 2.5 present.
[    0.000000] Hypervisor detected: KVM
[    0.000000] e820: last_pfn = 0x3fff0 max_arch_pfn = 0x400000000
[    0.000000] MTRR: Disabled
[    0.000000] x86/PAT: MTRRs disabled, skipping PAT initialization too.
[    0.000000] CPU MTRRs all blank - virtualized system.
[    0.000000] x86/PAT: Configuration [0-7]: WB  WT  UC- UC  WB  WT  UC- UC  
[    0.000000] found SMP MP-table at [mem 0x0009fff0-0x0009ffff] mapped at [ffff88000009fff0]
[    0.000000] Scanning 1 areas for low memory corruption
[    0.000000] RAMDISK: [mem 0x362dc000-0x37165fff]
[    0.000000] ACPI: Early table checksum verification disabled
[    0.000000] ACPI: RSDP 0x00000000000E0000 000024 (v02 VBOX  )
[    0.000000] ACPI: XSDT 0x000000003FFF0030 00003C (v01 VBOX   VBOXXSDT 00000001 ASL  00000061)
[    0.000000] ACPI: FACP 0x000000003FFF00F0 0000F4 (v04 VBOX   VBOXFACP 00000001 ASL  00000061)
[    0.000000] ACPI: DSDT 0x000000003FFF0470 002325 (v02 VBOX   VBOXBIOS 00000002 INTL 20100528)
[    0.000000] ACPI: FACS 0x000000003FFF0200 000040
[    0.000000] ACPI: FACS 0x000000003FFF0200 000040
[    0.000000] ACPI: APIC 0x000000003FFF0240 00005C (v02 VBOX   VBOXAPIC 00000001 ASL  00000061)
[    0.000000] ACPI: SSDT 0x000000003FFF02A0 0001CC (v01 VBOX   VBOXCPUT 00000002 INTL 20100528)
[    0.000000] No NUMA configuration found
[    0.000000] Faking a node at [mem 0x0000000000000000-0x000000003ffeffff]
[    0.000000] NODE_DATA(0) allocated [mem 0x3ffeb000-0x3ffeffff]
[    0.000000] kvm-clock: Using msrs 4b564d01 and 4b564d00
[    0.000000] kvm-clock: cpu 0, msr 0:3ffe3001, primary cpu clock
[    0.000000] kvm-clock: using sched offset of 4175688654 cycles
[    0.000000] clocksource: kvm-clock: mask: 0xffffffffffffffff max_cycles: 0x1cd42e4dffb, max_idle_ns: 881590591483 ns
[    0.000000] Zone ranges:
[    0.000000]   DMA      [mem 0x0000000000001000-0x0000000000ffffff]
[    0.000000]   DMA32    [mem 0x0000000001000000-0x000000003ffeffff]
[    0.000000]   Normal   empty
[    0.000000]   Device   empty
[    0.000000] Movable zone start for each node
[    0.000000] Early memory node ranges
[    0.000000]   node   0: [mem 0x0000000000001000-0x000000000009efff]
[    0.000000]   node   0: [mem 0x0000000000100000-0x000000003ffeffff]
[    0.000000] Initmem setup node 0 [mem 0x0000000000001000-0x000000003ffeffff]
[    0.000000] ACPI: PM-Timer IO Port: 0x4008
[    0.000000] IOAPIC[0]: apic_id 2, version 32, address 0xfec00000, GSI 0-23
[    0.000000] ACPI: INT_SRC_OVR (bus 0 bus_irq 0 global_irq 2 dfl dfl)
[    0.000000] ACPI: INT_SRC_OVR (bus 0 bus_irq 9 global_irq 9 low level)
[    0.000000] Using ACPI (MADT) for SMP configuration information
[    0.000000] smpboot: Allowing 2 CPUs, 0 hotplug CPUs
[    0.000000] PM: Registered nosave memory: [mem 0x00000000-0x00000fff]
[    0.000000] PM: Registered nosave memory: [mem 0x0009f000-0x0009ffff]
[    0.000000] PM: Registered nosave memory: [mem 0x000a0000-0x000effff]
[    0.000000] PM: Registered nosave memory: [mem 0x000f0000-0x000fffff]
[    0.000000] e820: [mem 0x40000000-0xfebfffff] available for PCI devices
[    0.000000] Booting paravirtualized kernel on KVM
[    0.000000] clocksource: refined-jiffies: mask: 0xffffffff max_cycles: 0xffffffff, max_idle_ns: 7645519600211568 ns
[    0.000000] setup_percpu: NR_CPUS:512 nr_cpumask_bits:512 nr_cpu_ids:2 nr_node_ids:1
[    0.000000] PERCPU: Embedded 33 pages/cpu @ffff88003fc00000 s95192 r8192 d31784 u1048576
[    0.000000] Built 1 zonelists in Node order, mobility grouping on.  Total pages: 257912
[    0.000000] Policy zone: DMA32
[    0.000000] Kernel command line: BOOT_IMAGE=/boot/vmlinuz-4.4.0-210-generic root=LABEL=cloudimg-rootfs ro console=tty1 console=ttyS0
[    0.000000] PID hash table entries: 4096 (order: 3, 32768 bytes)
[    0.000000] Memory: 997792K/1048120K available (8644K kernel code, 1332K rwdata, 4044K rodata, 1492K init, 1164K bss, 50328K reserved, 0K cma-reserved)
[    0.000000] SLUB: HWalign=64, Order=0-3, MinObjects=0, CPUs=2, Nodes=1
[    0.000000] Kernel/User page tables isolation: enabled
[    0.000000] Hierarchical RCU implementation.
[    0.000000] 	Build-time adjustment of leaf fanout to 64.
[    0.000000] 	RCU restricting CPUs from NR_CPUS=512 to nr_cpu_ids=2.
[    0.000000] RCU: Adjusting geometry for rcu_fanout_leaf=64, nr_cpu_ids=2
[    0.000000] NR_IRQS:33024 nr_irqs:440 16
[    0.000000] Console: colour VGA+ 80x25
[    0.000000] console [tty1] enabled
[    0.000000] console [ttyS0] enabled
[    0.000000] tsc: Detected 3997.682 MHz processor
[    0.334224] Calibrating delay loop (skipped) preset value.. 7995.36 BogoMIPS (lpj=15990728)
[    0.336759] pid_max: default: 32768 minimum: 301
[    0.338152] ACPI: Core revision 20150930
[    0.342220] ACPI: 2 ACPI AML tables successfully acquired and loaded
[    0.344085] Security Framework initialized
[    0.345329] Yama: becoming mindful.
[    0.346510] AppArmor: AppArmor initialized
[    0.347925] Dentry cache hash table entries: 131072 (order: 8, 1048576 bytes)
[    0.385697] Inode-cache hash table entries: 65536 (order: 7, 524288 bytes)
[    0.387812] Mount-cache hash table entries: 2048 (order: 2, 16384 bytes)
[    0.389579] Mountpoint-cache hash table entries: 2048 (order: 2, 16384 bytes)
[    0.391656] Initializing cgroup subsys io
[    0.392893] Initializing cgroup subsys memory
[    0.394227] Initializing cgroup subsys devices
[    0.395542] Initializing cgroup subsys freezer
[    0.396868] Initializing cgroup subsys net_cls
[    0.398223] Initializing cgroup subsys perf_event
[    0.399609] Initializing cgroup subsys net_prio
[    0.400947] Initializing cgroup subsys hugetlb
[    0.402295] Initializing cgroup subsys pids
[    0.404331] mce: CPU supports 0 MCE banks
[    0.405628] Last level iTLB entries: 4KB 1024, 2MB 1024, 4MB 1024
[    0.407261] Last level dTLB entries: 4KB 1024, 2MB 1024, 4MB 1024, 1GB 4
[    0.409001] Spectre V1 : Mitigation: usercopy/swapgs barriers and __user pointer sanitization
[    0.411537] Spectre V2 : Mitigation: Full generic retpoline
[    0.413063] Spectre V2 : Spectre v2 / SpectreRSB mitigation: Filling RSB on context switch
[    0.415578] Speculative Store Bypass: Vulnerable
[    0.416925] SRBDS: Unknown: Dependent on hypervisor status
[    0.418569] MDS: Mitigation: Clear CPU buffers
[    0.423970] Freeing SMP alternatives memory: 36K
[    0.433906] ftrace: allocating 32380 entries in 127 pages
[    0.555284] smpboot: APIC(0) Converting physical 0 to logical package 0
[    0.557035] smpboot: Max logical packages: 1
[    0.558844] x2apic enabled
[    0.560296] Switched APIC routing to physical x2apic.
[    0.563880] ..TIMER: vector=0x30 apic1=0 pin1=2 apic2=-1 pin2=-1
[    0.673632] smpboot: CPU0: Intel(R) Core(TM) i7-4790K CPU @ 4.00GHz (family: 0x6, model: 0x3c, stepping: 0x3)
[    0.676637] Performance Events: unsupported p6 CPU model 60 no PMU driver, software events only.
[    0.690622] KVM setup paravirtual spinlock
[    0.692542] x86: Booting SMP configuration:
[    0.693830] .... node  #0, CPUs:      #1
[    0.694946] kvm-clock: cpu 1, msr 0:3ffe3041, secondary cpu clock
[    0.696624] mce: CPU supports 0 MCE banks
[    0.699236] x86: Booted up 1 node, 2 CPUs
[    0.700881] smpboot: Total of 2 processors activated (15990.72 BogoMIPS)
[    0.703102] devtmpfs: initialized
[    0.712732] evm: security.selinux
[    0.713895] evm: security.SMACK64
[    0.715000] evm: security.SMACK64EXEC
[    0.716178] evm: security.SMACK64TRANSMUTE
[    0.717550] evm: security.SMACK64MMAP
[    0.718718] evm: security.ima
[    0.719755] evm: security.capability
[    0.721098] clocksource: jiffies: mask: 0xffffffff max_cycles: 0xffffffff, max_idle_ns: 7645041785100000 ns
[    0.723871] futex hash table entries: 512 (order: 3, 32768 bytes)
[    0.725589] pinctrl core: initialized pinctrl subsystem
[    0.727211] RTC time: 13:08:01, date: 11/09/21
[    0.728733] NET: Registered protocol family 16
[    0.742788] cpuidle: using governor ladder
[    0.754502] cpuidle: using governor menu
[    0.755763] PCCT header not found.
[    0.756979] ACPI: bus type PCI registered
[    0.758280] acpiphp: ACPI Hot Plug PCI Controller Driver version: 0.5
[    0.760197] PCI: Using configuration type 1 for base access
[    0.775314] ACPI: Added _OSI(Module Device)
[    0.776580] ACPI: Added _OSI(Processor Device)
[    0.777929] ACPI: Added _OSI(3.0 _SCP Extensions)
[    0.779291] ACPI: Added _OSI(Processor Aggregator Device)
[    0.781989] ACPI: Executed 1 blocks of module-level executable AML code
[    0.788029] ACPI: Interpreter enabled
[    0.789226] ACPI: (supports S0 S5)
[    0.790372] ACPI: Using IOAPIC for interrupt routing
[    0.792088] PCI: Using host bridge windows from ACPI; if necessary, use "pci=nocrs" and report a bug
[    0.801415] ACPI: PCI Root Bridge [PCI0] (domain 0000 [bus 00-ff])
[    0.803063] acpi PNP0A03:00: _OSC: OS supports [ASPM ClockPM Segments MSI]
[    0.805504] acpi PNP0A03:00: _OSC: not requesting OS control; OS requires [ExtendedConfig ASPM ClockPM MSI]
[    0.808248] acpi PNP0A03:00: fail to add MMCONFIG information, can't access extended PCI configuration space under this bridge.
[    0.811785] PCI host bridge to bus 0000:00
[    0.813048] pci_bus 0000:00: root bus resource [io  0x0000-0x0cf7 window]
[    0.814824] pci_bus 0000:00: root bus resource [io  0x0d00-0xffff window]
[    0.816618] pci_bus 0000:00: root bus resource [mem 0x000a0000-0x000bffff window]
[    0.818957] pci_bus 0000:00: root bus resource [mem 0x40000000-0xfdffffff window]
[    0.821259] pci_bus 0000:00: root bus resource [bus 00-ff]
[    0.825000] pci 0000:00:01.1: legacy IDE quirk: reg 0x10: [io  0x01f0-0x01f7]
[    0.826852] pci 0000:00:01.1: legacy IDE quirk: reg 0x14: [io  0x03f6]
[    0.828572] pci 0000:00:01.1: legacy IDE quirk: reg 0x18: [io  0x0170-0x0177]
[    0.850077] pci 0000:00:01.1: legacy IDE quirk: reg 0x1c: [io  0x0376]
[    0.861352] pci 0000:00:07.0: quirk: [io  0x4000-0x403f] claimed by PIIX4 ACPI
[    0.863629] pci 0000:00:07.0: quirk: [io  0x4100-0x410f] claimed by PIIX4 SMB
[    0.872136] ACPI: PCI Interrupt Link [LNKA] (IRQs 5 9 10 *11)
[    0.874607] ACPI: PCI Interrupt Link [LNKB] (IRQs 5 9 *10 11)
[    0.876858] ACPI: PCI Interrupt Link [LNKC] (IRQs 5 *9 10 11)
[    0.879058] ACPI: PCI Interrupt Link [LNKD] (IRQs 5 9 10 *11)
[    0.881289] ACPI: Enabled 2 GPEs in block 00 to 07
[    0.882998] vgaarb: setting as boot device: PCI:0000:00:02.0
[    0.884541] vgaarb: device added: PCI:0000:00:02.0,decodes=io+mem,owns=io+mem,locks=none
[    0.886976] vgaarb: loaded
[    0.887970] vgaarb: bridge control possible 0000:00:02.0
[    0.889790] SCSI subsystem initialized
[    0.891044] ACPI: bus type USB registered
[    0.892323] usbcore: registered new interface driver usbfs
[    0.893875] usbcore: registered new interface driver hub
[    0.895374] usbcore: registered new device driver usb
[    0.938983] PCI: Using ACPI for IRQ routing
[    0.940779] NetLabel: Initializing
[    0.942512] NetLabel:  domain hash size = 128
[    0.943820] NetLabel:  protocols = UNLABELED CIPSOv4
[    0.945263] NetLabel:  unlabeled traffic allowed by default
[    0.946890] amd_nb: Cannot enumerate AMD northbridges
[    0.948352] clocksource: Switched to clocksource kvm-clock
[    1.040075] AppArmor: AppArmor Filesystem Enabled
[    1.041574] pnp: PnP ACPI init
[    1.043838] pnp: PnP ACPI: found 3 devices
[    1.052383] clocksource: acpi_pm: mask: 0xffffff max_cycles: 0xffffff, max_idle_ns: 2085701024 ns
[    1.054993] NET: Registered protocol family 2
[    1.056494] TCP established hash table entries: 8192 (order: 4, 65536 bytes)
[    1.058362] TCP bind hash table entries: 8192 (order: 5, 131072 bytes)
[    1.060106] TCP: Hash tables configured (established 8192 bind 8192)
[    1.061822] UDP hash table entries: 512 (order: 2, 16384 bytes)
[    1.063426] UDP-Lite hash table entries: 512 (order: 2, 16384 bytes)
[    1.065168] NET: Registered protocol family 1
[    1.066510] pci 0000:00:00.0: Limiting direct PCI/PCI transfers
[    1.068133] pci 0000:00:01.0: Activating ISA DMA hang workarounds
[    1.069962] Unpacking initramfs...
[    2.418956] Freeing initrd memory: 14888K
[    2.420329] RAPL PMU detected, API unit is 2^-32 Joules, 4 fixed counters 10737418240 ms ovfl timer
[    2.423012] hw unit of domain pp0-core 2^-0 Joules
[    2.424430] hw unit of domain package 2^-0 Joules
[    2.425848] hw unit of domain dram 2^-0 Joules
[    2.427183] hw unit of domain pp1-gpu 2^-0 Joules
[    2.428639] clocksource: tsc: mask: 0xffffffffffffffff max_cycles: 0x733f9e9e4e4, max_idle_ns: 881590812519 ns
[    2.431621] platform rtc_cmos: registered platform RTC device (no PNP device found)
[    2.434152] Scanning for low memory corruption every 60 seconds
[    2.436079] audit: initializing netlink subsys (disabled)
[    2.437654] audit: type=2000 audit(1636463289.049:1): initialized
[    2.439681] Initialise system trusted keyring
[    2.441117] HugeTLB registered 2 MB page size, pre-allocated 0 pages
[    2.445285] zbud: loaded
[    2.446654] VFS: Disk quotas dquot_6.6.0
[    2.448010] VFS: Dquot-cache hash table entries: 512 (order 0, 4096 bytes)
[    2.450236] squashfs: version 4.0 (2009/01/31) Phillip Lougher
[    2.452172] fuse init (API version 7.23)
[    2.453643] Key type big_key registered
[    2.454889] Allocating IMA MOK and blacklist keyrings.
[    2.456927] Key type asymmetric registered
[    2.458191] Asymmetric key parser 'x509' registered
[    2.459643] Block layer SCSI generic (bsg) driver version 0.4 loaded (major 249)
[    2.462011] io scheduler noop registered
[    2.463237] io scheduler deadline registered (default)
[    2.464732] io scheduler cfq registered
[    2.466091] pci_hotplug: PCI Hot Plug PCI Core version: 0.5
[    2.467648] pciehp: PCI Express Hot Plug Controller Driver version: 0.4
[    2.469585] ACPI: AC Adapter [AC] (on-line)
[    2.470931] input: Power Button as /devices/LNXSYSTM:00/LNXPWRBN:00/input/input0
[    2.473231] ACPI: Power Button [PWRF]
[    2.474538] input: Sleep Button as /devices/LNXSYSTM:00/LNXSLPBN:00/input/input1
[    2.476846] ACPI: Sleep Button [SLPF]
[    2.478219] GHES: HEST is not enabled!
[    2.479522] Serial: 8250/16550 driver, 32 ports, IRQ sharing enabled
[    2.502151] 00:02: ttyS0 at I/O 0x3f8 (irq = 4, base_baud = 115200) is a 16550A
[    2.506124] Linux agpgart interface v0.103
[    2.508882] loop: module loaded
[    2.510682] scsi host0: ata_piix
[    2.511887] scsi host1: ata_piix
[    2.513064] ata1: PATA max UDMA/33 cmd 0x1f0 ctl 0x3f6 bmdma 0xd000 irq 14
[    2.514864] ata2: PATA max UDMA/33 cmd 0x170 ctl 0x376 bmdma 0xd008 irq 15
[    2.516799] libphy: Fixed MDIO Bus: probed
[    2.518151] tun: Universal TUN/TAP device driver, 1.6
[    2.519598] tun: (C) 1999-2004 Max Krasnyansky <maxk@qualcomm.com>
[    2.521336] PPP generic driver version 2.4.2
[    2.522689] ehci_hcd: USB 2.0 'Enhanced' Host Controller (EHCI) Driver
[    2.524414] ehci-pci: EHCI PCI platform driver
[    2.525785] ehci-platform: EHCI generic platform driver
[    2.527269] ohci_hcd: USB 1.1 'Open' Host Controller (OHCI) Driver
[    2.528954] ohci-pci: OHCI PCI platform driver
[    2.530300] ohci-platform: OHCI generic platform driver
[    2.531783] uhci_hcd: USB Universal Host Controller Interface driver
[    2.533583] i8042: PNP: PS/2 Controller [PNP0303:PS2K,PNP0f03:PS2M] at 0x60,0x64 irq 1,12
[    2.536665] serio: i8042 KBD port at 0x60,0x64 irq 1
[    2.538093] serio: i8042 AUX port at 0x60,0x64 irq 12
[    2.539679] mousedev: PS/2 mouse device common for all mice
[    2.541757] input: AT Translated Set 2 keyboard as /devices/platform/i8042/serio0/input/input2
[    2.544598] rtc_cmos rtc_cmos: rtc core: registered rtc_cmos as rtc0
[    2.546375] rtc_cmos rtc_cmos: alarms up to one day, 114 bytes nvram
[    2.548067] i2c /dev entries driver
[    2.549310] device-mapper: uevent: version 1.0.3
[    2.550739] device-mapper: ioctl: 4.34.0-ioctl (2015-10-28) initialised: dm-devel@redhat.com
[    2.553264] ledtrig-cpu: registered to indicate activity on CPUs
[    2.555348] NET: Registered protocol family 10
[    2.556870] NET: Registered protocol family 17
[    2.558229] Key type dns_resolver registered
[    2.559851] registered taskstats version 1
[    2.561159] Loading compiled-in X.509 certificates
[    2.563226] Loaded X.509 cert 'Build time autogenerated kernel key: cf00e047681d67edb2720680708b7d9498083038'
[    2.566045] zswap: loaded using pool lzo/zbud
[    2.569149] Key type trusted registered
[    2.572974] Key type encrypted registered
[    2.574232] AppArmor: AppArmor sha1 policy hashing enabled
[    2.575757] ima: No TPM chip found, activating TPM-bypass!
[    2.577324] ima: Allocated hash algorithm: sha1
[    2.578687] evm: HMAC attrs: 0x1
[    2.580116]   Magic number: 13:150:129
[    2.581357] acpi device:04: hash matches
[    2.582645] rtc_cmos rtc_cmos: setting system clock to 2021-11-09 13:08:03 UTC (1636463283)
[    2.585229] BIOS EDD facility v0.16 2004-Jun-25, 0 devices found
[    2.586858] EDD information not available.
[    2.824034] Freeing unused kernel memory: 1492K
[    2.825418] Write protecting the kernel read-only data: 14336k
[    2.827571] Freeing unused kernel memory: 1584K
[    2.829130] Freeing unused kernel memory: 52K
Loading, please wait...
starting version 229
[    2.842675] random: systemd-udevd: uninitialized urandom read (16 bytes read, 2 bits of entropy available)
[    2.843437] random: udevadm: uninitialized urandom read (16 bytes read, 2 bits of entropy available)
[    2.843456] random: udevadm: uninitialized urandom read (16 bytes read, 2 bits of entropy available)
[    2.850886] random: systemd-udevd: uninitialized urandom read (16 bytes read, 2 bits of entropy available)
[    2.853671] random: systemd-udevd: uninitialized urandom read (16 bytes read, 2 bits of entropy available)
[    2.855928] random: udevadm: uninitialized urandom read (16 bytes read, 2 bits of entropy available)
[    2.855982] random: udevadm: uninitialized urandom read (16 bytes read, 2 bits of entropy available)
[    2.856178] random: udevadm: uninitialized urandom read (16 bytes read, 2 bits of entropy available)
[    2.856249] random: udevadm: uninitialized urandom read (16 bytes read, 2 bits of entropy available)
[    2.856321] random: udevadm: uninitialized urandom read (16 bytes read, 2 bits of entropy available)
[    2.911389] Fusion MPT base driver 3.04.20
[    2.912704] Copyright (c) 1999-2008 LSI Corporation
[    2.929967] e1000: Intel(R) PRO/1000 Network Driver - version 7.3.21-k8-NAPI
[    2.931830] e1000: Copyright (c) 1999-2006 Intel Corporation.
[    2.956486] Fusion MPT SPI Host driver 3.04.20
[    2.961717] AVX2 version of gcm_enc/dec engaged.
[    2.963110] AES CTR mode by8 optimization enabled
[    3.143030] input: ImExPS/2 Generic Explorer Mouse as /devices/platform/i8042/serio1/input/input4
[    3.442461] e1000 0000:00:03.0 eth0: (PCI:33MHz:32-bit) 02:be:82:6b:cc:1d
[    3.444249] e1000 0000:00:03.0 eth0: Intel(R) PRO/1000 Network Connection
[    4.437940] e1000 0000:00:08.0 eth1: (PCI:33MHz:32-bit) 08:00:27:70:c0:a3
[    4.439712] e1000 0000:00:08.0 eth1: Intel(R) PRO/1000 Network Connection
[    4.443297] e1000 0000:00:08.0 enp0s8: renamed from eth1
[    4.445335] mptbase: ioc0: Initiating bringup
[    4.453569] e1000 0000:00:03.0 enp0s3: renamed from eth0
[    4.749085] ioc0: LSI53C1030 A0: Capabilities={Initiator}
[    6.816417] scsi host2: ioc0: LSI53C1030 A0, FwRev=00000000h, Ports=1, MaxQ=256, IRQ=20
[    7.964886] scsi 2:0:0:0: Direct-Access     VBOX     HARDDISK         1.0  PQ: 0 ANSI: 5
[    7.987267] scsi target2:0:0: Beginning Domain Validation
[    7.989457] scsi target2:0:0: Domain Validation skipping write tests
[    7.991133] scsi target2:0:0: Ending Domain Validation
[    7.992652] scsi target2:0:0: asynchronous
[    7.994191] scsi 2:0:1:0: Direct-Access     VBOX     HARDDISK         1.0  PQ: 0 ANSI: 5
[    7.996601] scsi target2:0:1: Beginning Domain Validation
[    7.999034] scsi target2:0:1: Domain Validation skipping write tests
[    8.000712] scsi target2:0:1: Ending Domain Validation
[    8.002256] scsi target2:0:1: asynchronous
[    8.006899] sd 2:0:0:0: [sda] 83886080 512-byte logical blocks: (42.9 GB/40.0 GiB)
[    8.007142] sd 2:0:0:0: Attached scsi generic sg0 type 0
[    8.009820] sd 2:0:1:0: [sdb] 20480 512-byte logical blocks: (10.5 MB/10.0 MiB)
[    8.009877] sd 2:0:1:0: Attached scsi generic sg1 type 0
[    8.010122] sd 2:0:1:0: [sdb] Write Protect is off
[    8.010232] sd 2:0:1:0: [sdb] Incomplete mode parameter data
[    8.010234] sd 2:0:1:0: [sdb] Assuming drive cache: write through
[    8.012797] sd 2:0:1:0: [sdb] Attached SCSI disk
[    8.020941] sd 2:0:0:0: [sda] Write Protect is off
[    8.022425] sd 2:0:0:0: [sda] Incomplete mode parameter data
[    8.023981] sd 2:0:0:0: [sda] Assuming drive cache: write through
[    8.026491]  sda: sda1
[    8.027940] sd 2:0:0:0: [sda] Attached SCSI disk
Begin: Loading essential drivers ... [    9.655927] md: linear personality registered for level -1
[    9.659830] md: multipath personality registered for level -4
[    9.663749] md: raid0 personality registered for level 0
[    9.668805] md: raid1 personality registered for level 1
[    9.740412] raid6: sse2x1   gen()  3615 MB/s
[    9.808381] raid6: sse2x1   xor()  2373 MB/s
[    9.876384] raid6: sse2x2   gen()  6243 MB/s
[    9.944405] raid6: sse2x2   xor()  4240 MB/s
[   10.012373] raid6: sse2x4   gen()  9739 MB/s
[   10.080386] raid6: sse2x4   xor()  5222 MB/s
[   10.148400] raid6: avx2x1   gen()  7809 MB/s
[   10.216372] raid6: avx2x2   gen() 14573 MB/s
[   10.284383] raid6: avx2x4   gen() 18866 MB/s
[   10.285692] raid6: using algorithm avx2x4 gen() 18866 MB/s
[   10.287220] raid6: using avx2x2 recovery algorithm
[   10.289797] xor: automatically using best checksumming function:
[   10.328373]    avx       : 26386.000 MB/sec
[   10.330803] async_tx: api initialized (async)
[   10.341195] md: raid6 personality registered for level 6
[   10.342691] md: raid5 personality registered for level 5
[   10.344182] md: raid4 personality registered for level 4
[   10.351979] md: raid10 personality registered for level 10
done.
Begin: Running /scripts/init-premount ... done.
Begin: Mounting root file system ... Begin: Running /scripts/local-top ... done.
Begin: Running /scripts/local-premount ... [   10.393850] Btrfs loaded
Scanning for Btrfs filesystems
done.
Warning: fsck not present, so skipping root file system
[   10.417720] EXT4-fs (sda1): mounted filesystem with ordered data mode. Opts: (null)
done.
Begin: Running /scripts/local-bottom ... done.
Begin: Running /scripts/init-bottom ... done.
[   10.547720] systemd[1]: systemd 229 running in system mode. (+PAM +AUDIT +SELINUX +IMA +APPARMOR +SMACK +SYSVINIT +UTMP +LIBCRYPTSETUP +GCRYPT +GNUTLS +ACL +XZ -LZ4 +SECCOMP +BLKID +ELFUTILS +KMOD -IDN)
[   10.554015] systemd[1]: Detected virtualization oracle.
[   10.555481] systemd[1]: Detected architecture x86-64.

Welcome to [1mUbuntu 16.04.7 LTS[0m!

[   10.559507] systemd[1]: Set hostname to <ubuntu>.
[   10.562290] systemd[1]: Initializing machine ID from random generator.
[   10.564046] systemd[1]: Installed transient /etc/machine-id file.
[   10.672492] systemd[1]: Reached target Swap.
[[0;32m  OK  [0m] Reached target Swap.
[   10.674886] systemd[1]: Listening on Device-mapper event daemon FIFOs.
[[0;32m  OK  [0m] Listening on Device-mapper event daemon FIFOs.
[   10.677856] systemd[1]: Reached target System Time Synchronized.
[[0;32m  OK  [0m] Reached target System Time Synchronized.
[   10.681125] systemd[1]: Created slice User and Session Slice.
[[0;32m  OK  [0m] Created slice User and Session Slice.
[   10.683866] systemd[1]: Listening on fsck to fsckd communication Socket.
[[0;32m  OK  [0m] Listening on fsck to fsckd communication Socket.
[   10.686945] systemd[1]: Listening on LVM2 metadata daemon socket.
[[0;32m  OK  [0m] Listening on LVM2 metadata daemon socket.
[   10.689814] systemd[1]: Listening on Syslog Socket.
[[0;32m  OK  [0m] Listening on Syslog Socket.
[   10.692300] systemd[1]: Started Forward Password Requests to Wall Directory Watch.
[[0;32m  OK  [0m] Started Forward Password Requests to Wall Directory Watch.
[   10.696342] systemd[1]: Created slice System Slice.
[[0;32m  OK  [0m] Created slice System Slice.
[   10.699251] systemd[1]: Created slice system-serial\x2dgetty.slice.
[[0;32m  OK  [0m] Created slice system-serial\x2dgetty.slice.
[   10.702142] systemd[1]: Reached target Slices.
[[0;32m  OK  [0m] Reached target Slices.
[   10.704528] systemd[1]: Listening on Journal Socket (/dev/log).
[[0;32m  OK  [0m] Listening on Journal Socket (/dev/log).
[   10.707311] systemd[1]: Reached target User and Group Name Lookups.
[[0;32m  OK  [0m] Reached target User and Group Name Lookups.
[   10.710210] systemd[1]: Listening on udev Kernel Socket.
[[0;32m  OK  [0m] Listening on udev Kernel Socket.
[   10.712842] systemd[1]: Listening on /dev/initctl Compatibility Named Pipe.
[[0;32m  OK  [0m] Listening on /dev/initctl Compatibility Named Pipe.
[   10.715996] systemd[1]: Reached target Encrypted Volumes.
[[0;32m  OK  [0m] Reached target Encrypted Volumes.
[   10.718673] systemd[1]: Listening on udev Control Socket.
[[0;32m  OK  [0m] Listening on udev Control Socket.
[   10.721537] systemd[1]: Set up automount Arbitrary Executable File Formats File System Automount Point.
[[0;32m  OK  [0m] Set up automount Arbitrary Executab...ats File System Automount Point.
[   10.725771] systemd[1]: Listening on Journal Audit Socket.
[[0;32m  OK  [0m] Listening on Journal Audit Socket.
[   10.728475] systemd[1]: Started Trigger resolvconf update for networkd DNS.
[[0;32m  OK  [0m] Started Trigger resolvconf update for networkd DNS.
[   10.731701] systemd[1]: Listening on LVM2 poll daemon socket.
[[0;32m  OK  [0m] Listening on LVM2 poll daemon socket.
[   10.734494] systemd[1]: Listening on Journal Socket.
[[0;32m  OK  [0m] Listening on Journal Socket.
[   10.749013] systemd[1]: Mounting POSIX Message Queue File System...
         Mounting POSIX Message Queue File System...
[   10.753441] systemd[1]: Starting Load Kernel Modules...
         Starting Load Kernel Modules...
[   10.756860] systemd[1]: Starting Create list of required static device nodes for the current kernel...
         Starting Create list of required st... nodes for the current kernel...
[   10.762537] systemd[1]: Starting Nameserver information manager...
         Starting Nameserver information manager...
[   10.770923] Loading iSCSI transport class v2.0-870.
[   10.771194] systemd[1]: Mounting Debug File System...
         Mounting Debug File System...
[   10.775981] systemd[1]: Starting Uncomplicated firewall...
         Starting Uncomplicated firewall...
[   10.779334] systemd[1]: Starting File System Check on Root Device...
         Starting File System Check on Root Device...
[   10.783045] systemd[1]: Starting Monitoring of LVM2 mirrors, snapshots etc. using dmeventd or progress polling...
         Starting Monitoring of LVM2 mirrors... dmeventd or progress polling...
[   10.788945] systemd[1]: Starting Set console keymap...
         Starting Set console keymap...
[   10.793181] systemd[1]: Mounting Huge Pages File System...
         Mounting Huge Pages File System...
[   10.806723] systemd[1]: Starting Journal Service...
[   10.809410] iscsi: registered transport (tcp)
         Starting Journal Service...
[   10.814865] systemd[1]: Mounted Huge Pages File System.
[[0;32m  OK  [0m] Mounted Huge Pages File System.
[   10.817631] systemd[1]: Mounted POSIX Message Queue File System.
[[0;32m  OK  [0m] Mounted POSIX Message Queue File System.
[   10.821014] systemd[1]: Mounted Debug File System.
[[0;32m  OK  [0m] Mounted Debug File System.
[   10.824314] systemd[1]: Started Create list of required static device nodes for the current kernel.
[[0;32m  OK  [0m] Started Create list of required sta...ce nodes for the current kernel.
[   10.876955] iscsi: registered transport (iser)
[   10.881285] systemd[1]: Started Load Kernel Modules.
[[0;32m  OK  [0m] Started Load Kernel Modules.
[   10.884609] systemd[1]: Started Uncomplicated firewall.
[[0;32m  OK  [0m] Started Uncomplicated firewall.
[   10.889430] systemd[1]: Started File System Check on Root Device.
[[0;32m  OK  [0m] Started File System Check on Root Device.
[   10.892779] systemd[1]: Started Journal Service.
[[0;32m  OK  [0m] Started Journal Service.
[[0;32m  OK  [0m] Started Nameserver information manager.
[[0;32m  OK  [0m] Started LVM2 metadata daemon.
[[0;32m  OK  [0m] Started File System Check Daemon to report status.
         Starting Remount Root and Kernel File Systems...
         Mounting FUSE Control File System...
         Starting Apply Kernel Variables...
[   10.914010] EXT4-fs (sda1): re-mounted. Opts: (null)
         Starting Create Static Device Nodes in /dev...
[[0;32m  OK  [0m] Mounted FUSE Control File System.
[[0;32m  OK  [0m] Started Apply Kernel Variables.
[[0;32m  OK  [0m] Started Remount Root and Kernel File Systems.
         Starting Flush Journal to Persistent Storage...
         Starting Load/Save Random Seed...
         Starting udev Coldplug all Devices...
[[0;32m  OK  [0m] Started Load/Save Random Seed.
[[0;32m  OK  [0m] Started Flush Journal to Persistent Storage.
[[0;32m  OK  [0m] Started Create Static Device Nodes in /dev.
         Starting udev Kernel Device Manager...
[[0;32m  OK  [0m] Started Set console keymap.
[[0;32m  OK  [0m] Started udev Kernel Device Manager.
[[0;32m  OK  [0m] Started udev Coldplug all Devices.
[[0;32m  OK  [0m] Started Dispatch Password Requests to Console Directory Watch.
[[0;32m  OK  [0m] Started Monitoring of LVM2 mirrors,...ng dmeventd or progress polling.
[[0;32m  OK  [0m] Reached target Local File Systems (Pre).
[[0;32m  OK  [0m] Reached target Local File Systems.
         Starting Set console font and keymap...
         Starting Tell Plymouth To Write Out Runtime Data...
         Starting Initial cloud-init job (pre-networking)...
         Starting Commit a transient machine-id on disk...
         Starting Create Volatile Files and Directories...
         Starting LSB: AppArmor initialization...
[[0;32m  OK  [0m] Started Tell Plymouth To Write Out Runtime Data.
[[0;32m  OK  [0m] Started Create Volatile Files and Directories.
         Starting Update UTMP about System Boot/Shutdown...
[[0;32m  OK  [0m] Started Commit a transient machine-id on disk.
[[0;32m  OK  [0m] Started Update UTMP about System Boot/Shutdown.
[[0;32m  OK  [0m] Found device /dev/ttyS0.
[[0;32m  OK  [0m] Listening on Load/Save RF Kill Switch Status /dev/rfkill Watch.
[   14.796186] cloud-init[508]: Cloud-init v. 21.1-19-gbad84ad4-0ubuntu1~16.04.2 running 'init-local' at Tue, 09 Nov 2021 13:08:15 +0000. Up 14.00 seconds.
[[0;32m  OK  [0m] Started Initial cloud-init job (pre-networking).
[[0;32m  OK  [0m] Reached target Network (Pre).
[[0;32m  OK  [0m] Started LSB: AppArmor initialization.
         Starting Load AppArmor profiles managed internally by snapd...
         Starting Raise network interfaces...
[[0;32m  OK  [0m] Started Set console font and keymap.
[[0;32m  OK  [0m] Started Load AppArmor profiles managed internally by snapd.
[[0;32m  OK  [0m] Created slice system-getty.slice.
[[0;32m  OK  [0m] Started Raise network interfaces.
         Starting Initial cloud-init job (metadata service crawler)...
[[0;32m  OK  [0m] Reached target Network.
[   17.055103] cloud-init[978]: Cloud-init v. 21.1-19-gbad84ad4-0ubuntu1~16.04.2 running 'init' at Tue, 09 Nov 2021 13:08:17 +0000. Up 16.40 seconds.
[   17.057145] cloud-init[978]: ci-info: ++++++++++++++++++++++++++++++++++++++Net device info+++++++++++++++++++++++++++++++++++++++
[   17.059034] cloud-init[978]: ci-info: +--------+-------+----------------------------+---------------+--------+-------------------+
[   17.060920] cloud-init[978]: ci-info: | Device |   Up  |          Address           |      Mask     | Scope  |     Hw-Address    |
[   17.062770] cloud-init[978]: ci-info: +--------+-------+----------------------------+---------------+--------+-------------------+
[   17.064641] cloud-init[978]: ci-info: | enp0s3 |  True |         10.0.2.15          | 255.255.255.0 | global | 02:be:82:6b:cc:1d |
[   17.066496] cloud-init[978]: ci-info: | enp0s3 |  True | fe80::be:82ff:fe6b:cc1d/64 |       .       |  link  | 02:be:82:6b:cc:1d |
[   17.068367] cloud-init[978]: ci-info: | enp0s8 | False |             .              |       .       |   .    | 08:00:27:70:c0:a3 |
[   17.070238] cloud-init[978]: ci-info: |   lo   |  True |         127.0.0.1          |   255.0.0.0   |  host  |         .         |
[   17.072138] cloud-init[978]: ci-info: |   lo   |  True |          ::1/128           |       .       |  host  |         .         |
[   17.074000] cloud-init[978]: ci-info: +--------+-------+----------------------------+---------------+--------+-------------------+
[   17.076287] cloud-init[978]: ci-info: +++++++++++++++++++++++++++Route IPv4 info++++++++++++++++++++++++++++
[   17.077951] cloud-init[978]: ci-info: +-------+-------------+----------+---------------+-----------+-------+
[   17.079584] cloud-init[978]: ci-info: | Route | Destination | Gateway  |    Genmask    | Interface | Flags |
[   17.081236] cloud-init[978]: ci-info: +-------+-------------+----------+---------------+-----------+-------+
[   17.084326] cloud-init[978]: ci-info: |   0   |   0.0.0.0   | 10.0.2.2 |    0.0.0.0    |   enp0s3  |   UG  |
[   17.085965] cloud-init[978]: ci-info: |   1   |   10.0.2.0  | 0.0.0.0  | 255.255.255.0 |   enp0s3  |   U   |
[   17.087607] cloud-init[978]: ci-info: +-------+-------------+----------+---------------+-----------+-------+
[   17.089249] cloud-init[978]: ci-info: +++++++++++++++++++Route IPv6 info+++++++++++++++++++
[   17.090699] cloud-init[978]: ci-info: +-------+-------------+---------+-----------+-------+
[   17.092244] cloud-init[978]: ci-info: | Route | Destination | Gateway | Interface | Flags |
[   17.093692] cloud-init[978]: ci-info: +-------+-------------+---------+-----------+-------+
[   17.095157] cloud-init[978]: ci-info: |   0   |  fe80::/64  |    ::   |   enp0s3  |   U   |
[   17.096639] cloud-init[978]: ci-info: |   3   |   ff00::/8  |    ::   |   enp0s3  |   U   |
[   17.100299] cloud-init[978]: ci-info: +-------+-------------+---------+-----------+-------+
[   17.101755] cloud-init[978]: Generating public/private rsa key pair.
[   17.103006] cloud-init[978]: Your identification has been saved in /etc/ssh/ssh_host_rsa_key.
[   17.104499] cloud-init[978]: Your public key has been saved in /etc/ssh/ssh_host_rsa_key.pub.
[   17.106003] cloud-init[978]: The key fingerprint is:
[   17.107069] cloud-init[978]: SHA256:u+whGPJpm/AMTqa9y4SehsMoYvz6W9iRTSdgCl+A+xk root@ubuntu-xenial
[   17.108623] cloud-init[978]: The key's randomart image is:
[   17.109831] cloud-init[978]: +---[RSA 2048]----+
[   17.112311] cloud-init[978]: | ....+           |
[   17.113356] cloud-init[978]: | .o + .          |
[   17.114409] cloud-init[978]: |  .o   o .       |
[   17.115457] cloud-init[978]: | . E  + o        |
[   17.116537] cloud-init[978]: |  o +o .S        |
[   17.120676] cloud-init[978]: | . =o+.  .       |
[   17.121720] cloud-init[978]: |* *.=o. o        |
[   17.122750] cloud-init[978]: |B&.*.o o o       |
[   17.123799] cloud-init[978]: |*=X**  .+        |
[   17.124867] cloud-init[978]: +----[SHA256]-----+
[   17.125942] cloud-init[978]: Generating public/private dsa key pair.
[   17.127179] cloud-init[978]: Your identification has been saved in /etc/ssh/ssh_host_dsa_key.
[   17.128719] cloud-init[978]: Your public key has been saved in /etc/ssh/ssh_host_dsa_key.pub.
[   17.130215] cloud-init[978]: The key fingerprint is:
[   17.131293] cloud-init[978]: SHA256:Eyg9bjve02MhQxTpwogc55J3ISlUFzacEZ9/A9OrUqE root@ubuntu-xenial
[   17.132829] cloud-init[978]: The key's randomart image is:
[   17.133962] cloud-init[978]: +---[DSA 1024]----+
[   17.135030] cloud-init[978]: | ....oB=.o       |
[   17.136127] cloud-init[978]: |  o ++++o. .     |
[   17.137167] cloud-init[978]: | . B.++++ + .    |
[   17.138205] cloud-init[978]: |  = +o+.o+ + .   |
[   17.139249] cloud-init[978]: |   o .ooE o +    |
[   17.140315] cloud-init[978]: |     . .oo.o .   |
[   17.141357] cloud-init[978]: |      o .+..     |
[   17.142457] cloud-init[978]: |     . o..+      |
[   17.143498] cloud-init[978]: |      . .o .     |
[   17.144553] cloud-init[978]: +----[SHA256]-----+
[   17.145592] cloud-init[978]: Generating public/private ecdsa key pair.
[   17.146849] cloud-init[978]: Your identification has been saved in /etc/ssh/ssh_host_ecdsa_key.
[   17.148400] cloud-init[978]: Your public key has been saved in /etc/ssh/ssh_host_ecdsa_key.pub.
[   17.149928] cloud-init[978]: The key fingerprint is:
[   17.151021] cloud-init[978]: SHA256:9P04L2Gg4TszXCxLmhPyRD60TNXMBLaXrWmpbBLj3rE root@ubuntu-xenial
[   17.152583] cloud-init[978]: The key's randomart image is:
[   17.153721] cloud-init[978]: +---[ECDSA 256]---+
[   17.154737] cloud-init[978]: |        o*.      |
[   17.155741] cloud-init[978]: |       ...+o     |
[   17.156754] cloud-init[978]: |       .o o .    |
[   17.157766] cloud-init[978]: |      +..o.=     |
[   17.160111] [[0;32m  OK  [0m] Started Initial cloud-init job (metadata service crawler).
[[0;32m  OK  [0m] Reached target Network is Online.
cloud-init[978]: |     *ooS+*..    |
[   17.162545] cloud-init[978]: |    ..B+=oo oo   |
[   17.163666] cloud-init[978]: |     +oB== .o..  |
[   17.164812] cloud-init[978]: |     .=+Bo  .o   |
[   17.165943] cloud-init[978]: |      ..E+   ..  |
[   17.167065] cloud-init[978]: +----[SHA256]-----+
[   17.168239] cloud-init[978]: Generating public/private ed25519 key pair.
[   17.169606] cloud-init[978]: Your identification has been saved in /etc/ssh/ssh_host_ed25519_key.
[   17.171206] cloud-init[978]: Your public key has been saved in /etc/ssh/ssh_host_ed25519_key.pub.         Starting iSCSI initiator daemon (iscsid)...
[[0;32m  OK  [0m] Reached target Cloud-config availability.
[[0;32m  OK  [0m] Reached target System Initialization.
[[0;32m  OK  [0m] Started Daily apt download activities.
[[0;32m  OK  [0m] Listening on D-Bus System Message Bus Socket.

[   17.176026] cloud-init[978]: The key fingerprint is:[[0;32m  OK  [0m] Started ACPI Events Check.
[[0;32m  OK  [0m] Reached target Paths.
[[0;32m  OK  [0m] Started Daily apt upgrade and clean activities.
[[0;32m  OK  [0m] Started Ubuntu Advantage update messaging.
         Starting Socket activation for snappy daemon.

[   17.181039]          Starting LXD - unix socket.
[[0;32m  OK  [0m] Started Daily Cleanup of Temporary Directories.
[[0;32m  OK  [0m] Started Message of the Day.
[[0;32m  OK  [0m] Reached target Timers.
[[0;32m  OK  [0m] Listening on UUID daemon activation socket.
[[0;32m  OK  [0m] Listening on ACPID Listen Socket.
[[0;32m  OK  [0m] Listening on Socket activation for snappy daemon.
[[0;32m  OK  [0m] Listening on LXD - unix socket.
[[0;32m  OK  [0m] Reached target Sockets.
[[0;32m  OK  [0m] Reached target Basic System.
cloud-init[978]: SHA256:w/0nc84ETqybBurC/6nM4W5Ll2VBiFm8V0jzaEfiWZM root@ubuntu-xenial         Starting Pollinate to seed the pseudo random number generator...

[   17.189410] [[0;32m  OK  [0m] Started ACPI event daemon.
cloud-init[978]: The key's randomart image is:         Starting Virtualbox guest utils...

[[0;32m  OK  [0m] Started D-Bus System Message Bus.
[   17.191593] cloud-init[978]: +--[ED25519 256]--+
[   17.193471] cloud-init[978]: |       =.o=.+.   |
[   17.194603] cloud-init[978]: |      o oo.OE.   |
[   17.195819] cloud-init[978]: |         .*.o    |
[   17.196984] cloud-init[978]: |       ..o.+     |
[   17.198112] cloud-init[978]: |        S.+ +    |
[   17.199262] cloud-init[978]: |        .= = .   |
[   17.203510] cloud-init[978]: |   .  o.o.. = +  |
[   17.206023] cloud-init[978]: |    o=oo ..o O   |
[   17.207405] cloud-init[978]: |     *X+o.o   o  |
[   17.208679] cloud-init[978]: +----[SHA256]-----+
         Starting /etc/rc.local Compatibility...
         Starting Snap Daemon...
         Starting Accounts Service...
         Starting Login Service...
         Starting System Logging Service...
         Starting LSB: Record successful boot for GRUB...
[[0;32m  OK  [0m] Started Deferred execution scheduler.
[[0;32m  OK  [0m] Started FUSE filesystem for LXC.
         Starting LSB: MD monitoring daemon...
[[0;32m  OK  [0m] Started Regular background program processing daemon.
         Starting LXD - container startup/shutdown...
[[0;32m  OK  [0m] Started /etc/rc.local Compatibility.
[[0;32m  OK  [0m] Started iSCSI initiator daemon (iscsid).
         Starting Login to default iSCSI targets...
[[0;32m  OK  [0m] Started Login Service.
[[0;32m  OK  [0m] Started Unattended Upgrades Shutdown.
[[0;32m  OK  [0m] Started System Logging Service.
[[0;32m  OK  [0m] Started Login to default iSCSI targets.
[[0;32m  OK  [0m] Reached target Remote File Systems (Pre).
[[0;32m  OK  [0m] Reached target Remote File Systems.
         Starting LSB: automatic crash report generation...
         Starting LSB: Set the CPU Frequency Scaling governor to "ondemand"...
         Starting LSB: daemon to balance interrupts for SMP systems...
         Starting Permit User Sessions...
[[0;32m  OK  [0m] Started LSB: MD monitoring daemon.
[[0;32m  OK  [0m] Started Permit User Sessions.
         Starting Hold until boot process finishes up...
         Starting Terminate Plymouth Boot Screen...
[[0;32m  OK  [0m] Started LSB: Record successful boot for GRUB.
[[0;32m  OK  [0m] Started Hold until boot process finishes up.
[[0;32m  OK  [0m] Started Terminate Plymouth Boot Screen.
[[0;32m  OK  [0m] Started Serial Getty on ttyS0.
[[0;32m  OK  [0m] Started Getty on tty1.
[[0;32m  OK  [0m] Reached target Login Prompts.
         Starting Set console scheme...
[[0;32m  OK  [0m] Started LSB: automatic crash report generation.
[[0;32m  OK  [0m] Started Set console scheme.
[[0;32m  OK  [0m] Started LSB: Set the CPU Frequency Scaling governor to "ondemand".
         Starting Authenticate and Authorize Users to Run Privileged Tasks...
[[0;32m  OK  [0m] Started LSB: daemon to balance interrupts for SMP systems.
[[0;32m  OK  [0m] Started Virtualbox guest utils.
[[0;32m  OK  [0m] Started Authenticate and Authorize Users to Run Privileged Tasks.
[[0;32m  OK  [0m] Started Accounts Service.
[[0;32m  OK  [0m] Started LXD - container startup/shutdown.
[[0;32m  OK  [0m] Started Pollinate to seed the pseudo random number generator.
         Starting OpenBSD Secure Shell server...
[[0;32m  OK  [0m] Started Snap Daemon.
         Starting Wait until snapd is fully seeded...
[[0;32m  OK  [0m] Started OpenBSD Secure Shell server.
[[0;32m  OK  [0m] Created slice User Slice of vagrant.
         Starting User Manager for UID 1000...
[[0;32m  OK  [0m] Started Session 1 of user vagrant.
[[0;32m  OK  [0m] Started User Manager for UID 1000.
[[0;32m  OK  [0m] Started Wait until snapd is fully seeded.
[[0;32m  OK  [0m] Reached target Multi-User System.
[[0;32m  OK  [0m] Reached target Graphical Interface.
         Starting Update UTMP about System Runlevel Changes...
         Starting Apply the settings specified in cloud-config...
[[0;32m  OK  [0m] Started Update UTMP about System Runlevel Changes.

Ubuntu 16.04.7 LTS ubuntu-xenial ttyS0

ubuntu-xenial login: [   24.246160] cloud-init[1420]: Generating locales (this might take a while)...
[   30.673142] cloud-init[1420]:   en_US.UTF-8... done
[   30.674024] cloud-init[1420]: Generation complete.
[   31.105768] cloud-init[1420]: Cloud-init v. 21.1-19-gbad84ad4-0ubuntu1~16.04.2 running 'modules:config' at Tue, 09 Nov 2021 13:08:24 +0000. Up 23.48 seconds.
ci-info: no authorized SSH keys fingerprints found for user ubuntu.
<14>Nov  9 13:08:33 ec2: 
<14>Nov  9 13:08:33 ec2: #############################################################
<14>Nov  9 13:08:33 ec2: -----BEGIN SSH HOST KEY FINGERPRINTS-----
<14>Nov  9 13:08:33 ec2: 1024 SHA256:Eyg9bjve02MhQxTpwogc55J3ISlUFzacEZ9/A9OrUqE root@ubuntu-xenial (DSA)
<14>Nov  9 13:08:33 ec2: 256 SHA256:9P04L2Gg4TszXCxLmhPyRD60TNXMBLaXrWmpbBLj3rE root@ubuntu-xenial (ECDSA)
<14>Nov  9 13:08:33 ec2: 256 SHA256:w/0nc84ETqybBurC/6nM4W5Ll2VBiFm8V0jzaEfiWZM root@ubuntu-xenial (ED25519)
<14>Nov  9 13:08:33 ec2: 2048 SHA256:u+whGPJpm/AMTqa9y4SehsMoYvz6W9iRTSdgCl+A+xk root@ubuntu-xenial (RSA)
<14>Nov  9 13:08:33 ec2: -----END SSH HOST KEY FINGERPRINTS-----
<14>Nov  9 13:08:33 ec2: #############################################################
-----BEGIN SSH HOST KEY KEYS-----
ecdsa-sha2-nistp256 AAAAE2VjZHNhLXNoYTItbmlzdHAyNTYAAAAIbmlzdHAyNTYAAABBBNQcqLh5WhLYpJznwUKLEnj0cZ9Y1QKVBonhuUKuAGFpLX9PUYXVmXFiNWKa9At1JO+EewYh1Kf+mVrZWFcmXC0= root@ubuntu-xenial
ssh-ed25519 AAAAC3NzaC1lZDI1NTE5AAAAIDsH5G5zlcMxG6IR2Q2mTYDhbQxzPuVKMEw4veCJW9g8 root@ubuntu-xenial
ssh-rsa AAAAB3NzaC1yc2EAAAADAQABAAABAQCsELt2GhnTUI/wpKPMB76gSCxH+xLm+9uNUP9+BvmhhJu5dRQstqmyHxbnMq06GHzVMGdzBegjJ5tZG1g2BABStQcY5RSgV3nud1d3BvCmXaoaaMhGmVxXWi7v4LPOAdlxi7zWeXV0ozoc+rLWqdwqwIjV+ctAwOmNgIs+v70H2DfOQsR0E8THO0RhjJ70jyXXfvHnuMS6s5Xr1UkcGHo+o2NyF/prrYW6DA3nlE3rIJB0HXuq9BE16dFx8JFvj0z+mcJIyrR6EKMxUiPlYh20hE7O2qeUG4B5Wjv1rfak9j5zqULCaHypQlDTXYP5xlaRJxUk3mCTmzMLQtGNsSUz root@ubuntu-xenial
-----END SSH HOST KEY KEYS-----
[   31.815314] cloud-init[1635]: Cloud-init v. 21.1-19-gbad84ad4-0ubuntu1~16.04.2 running 'modules:final' at Tue, 09 Nov 2021 13:08:33 +0000. Up 31.61 seconds.
[   31.815906] cloud-init[1635]: ci-info: no authorized SSH keys fingerprints found for user ubuntu.
[   31.816514] cloud-init[1635]: Cloud-init v. 21.1-19-gbad84ad4-0ubuntu1~16.04.2 finished at Tue, 09 Nov 2021 13:08:33 +0000. Datasource DataSourceNoCloud [seed=/dev/sdb][dsmode=net].  Up 31.80 seconds
